{"/Users/Other/cbr-ai-coach/src/App.tsx": {"path":"/Users/Other/cbr-ai-coach/src/App.tsx","statementMap":{"0":{"start":{"line":17,"column":38},"end":{"line":21,"column":4}},"1":{"start":{"line":19,"column":26},"end":{"line":19,"column":63}},"2":{"start":{"line":20,"column":4},"end":{"line":20,"column":26}},"3":{"start":{"line":23,"column":2},"end":{"line":30,"column":19}},"4":{"start":{"line":25,"column":4},"end":{"line":29,"column":5}},"5":{"start":{"line":26,"column":6},"end":{"line":26,"column":51}},"6":{"start":{"line":28,"column":6},"end":{"line":28,"column":54}},"7":{"start":{"line":32,"column":29},"end":{"line":35,"column":3}},"8":{"start":{"line":33,"column":4},"end":{"line":33,"column":50}},"9":{"start":{"line":34,"column":4},"end":{"line":34,"column":25}},"10":{"start":{"line":37,"column":2},"end":{"line":39,"column":3}},"11":{"start":{"line":38,"column":4},"end":{"line":38,"column":58}},"12":{"start":{"line":41,"column":2},"end":{"line":60,"column":4}}},"fnMap":{"0":{"name":"App","decl":{"start":{"line":16,"column":9},"end":{"line":16,"column":12}},"loc":{"start":{"line":16,"column":15},"end":{"line":61,"column":1}},"line":16},"1":{"name":"(anonymous_1)","decl":{"start":{"line":17,"column":47},"end":{"line":17,"column":48}},"loc":{"start":{"line":17,"column":53},"end":{"line":21,"column":3}},"line":17},"2":{"name":"(anonymous_2)","decl":{"start":{"line":23,"column":12},"end":{"line":23,"column":13}},"loc":{"start":{"line":23,"column":18},"end":{"line":30,"column":3}},"line":23},"3":{"name":"(anonymous_3)","decl":{"start":{"line":32,"column":29},"end":{"line":32,"column":30}},"loc":{"start":{"line":32,"column":35},"end":{"line":35,"column":3}},"line":32}},"branchMap":{"0":{"loc":{"start":{"line":25,"column":4},"end":{"line":29,"column":5}},"type":"if","locations":[{"start":{"line":25,"column":4},"end":{"line":29,"column":5}},{"start":{"line":27,"column":11},"end":{"line":29,"column":5}}],"line":25},"1":{"loc":{"start":{"line":37,"column":2},"end":{"line":39,"column":3}},"type":"if","locations":[{"start":{"line":37,"column":2},"end":{"line":39,"column":3}},{"start":{},"end":{}}],"line":37}},"s":{"0":0,"1":0,"2":0,"3":0,"4":0,"5":0,"6":0,"7":0,"8":0,"9":0,"10":0,"11":0,"12":0},"f":{"0":0,"1":0,"2":0,"3":0},"b":{"0":[0,0],"1":[0,0]}}
,"/Users/Other/cbr-ai-coach/src/index.tsx": {"path":"/Users/Other/cbr-ai-coach/src/index.tsx","statementMap":{"0":{"start":{"line":7,"column":13},"end":{"line":9,"column":1}},"1":{"start":{"line":10,"column":0},"end":{"line":14,"column":2}},"2":{"start":{"line":19,"column":0},"end":{"line":19,"column":18}}},"fnMap":{},"branchMap":{},"s":{"0":0,"1":0,"2":0},"f":{},"b":{}}
,"/Users/Other/cbr-ai-coach/src/reportWebVitals.ts": {"path":"/Users/Other/cbr-ai-coach/src/reportWebVitals.ts","statementMap":{"0":{"start":{"line":3,"column":24},"end":{"line":13,"column":1}},"1":{"start":{"line":4,"column":2},"end":{"line":12,"column":3}},"2":{"start":{"line":5,"column":4},"end":{"line":11,"column":7}},"3":{"start":{"line":6,"column":6},"end":{"line":6,"column":26}},"4":{"start":{"line":7,"column":6},"end":{"line":7,"column":26}},"5":{"start":{"line":8,"column":6},"end":{"line":8,"column":26}},"6":{"start":{"line":9,"column":6},"end":{"line":9,"column":26}},"7":{"start":{"line":10,"column":6},"end":{"line":10,"column":27}}},"fnMap":{"0":{"name":"(anonymous_0)","decl":{"start":{"line":3,"column":24},"end":{"line":3,"column":25}},"loc":{"start":{"line":3,"column":57},"end":{"line":13,"column":1}},"line":3},"1":{"name":"(anonymous_1)","decl":{"start":{"line":5,"column":30},"end":{"line":5,"column":31}},"loc":{"start":{"line":5,"column":79},"end":{"line":11,"column":5}},"line":5}},"branchMap":{"0":{"loc":{"start":{"line":4,"column":2},"end":{"line":12,"column":3}},"type":"if","locations":[{"start":{"line":4,"column":2},"end":{"line":12,"column":3}},{"start":{},"end":{}}],"line":4},"1":{"loc":{"start":{"line":4,"column":6},"end":{"line":4,"column":52}},"type":"binary-expr","locations":[{"start":{"line":4,"column":6},"end":{"line":4,"column":17}},{"start":{"line":4,"column":21},"end":{"line":4,"column":52}}],"line":4}},"s":{"0":0,"1":0,"2":0,"3":0,"4":0,"5":0,"6":0,"7":0},"f":{"0":0,"1":0},"b":{"0":[0,0],"1":[0,0]}}
,"/Users/Other/cbr-ai-coach/src/serviceWorkerRegistration.ts": {"path":"/Users/Other/cbr-ai-coach/src/serviceWorkerRegistration.ts","statementMap":{"0":{"start":{"line":4,"column":20},"end":{"line":8,"column":1}},"1":{"start":{"line":16,"column":2},"end":{"line":34,"column":3}},"2":{"start":{"line":17,"column":22},"end":{"line":17,"column":75}},"3":{"start":{"line":18,"column":4},"end":{"line":20,"column":5}},"4":{"start":{"line":19,"column":6},"end":{"line":19,"column":13}},"5":{"start":{"line":22,"column":4},"end":{"line":33,"column":7}},"6":{"start":{"line":23,"column":20},"end":{"line":23,"column":65}},"7":{"start":{"line":25,"column":6},"end":{"line":32,"column":7}},"8":{"start":{"line":26,"column":8},"end":{"line":26,"column":47}},"9":{"start":{"line":27,"column":8},"end":{"line":29,"column":11}},"10":{"start":{"line":28,"column":10},"end":{"line":28,"column":66}},"11":{"start":{"line":31,"column":8},"end":{"line":31,"column":39}},"12":{"start":{"line":38,"column":2},"end":{"line":65,"column":7}},"13":{"start":{"line":41,"column":6},"end":{"line":61,"column":8}},"14":{"start":{"line":42,"column":33},"end":{"line":42,"column":56}},"15":{"start":{"line":43,"column":8},"end":{"line":45,"column":9}},"16":{"start":{"line":44,"column":10},"end":{"line":44,"column":17}},"17":{"start":{"line":46,"column":8},"end":{"line":60,"column":10}},"18":{"start":{"line":47,"column":10},"end":{"line":59,"column":11}},"19":{"start":{"line":48,"column":12},"end":{"line":58,"column":13}},"20":{"start":{"line":49,"column":14},"end":{"line":49,"column":68}},"21":{"start":{"line":50,"column":14},"end":{"line":52,"column":15}},"22":{"start":{"line":51,"column":16},"end":{"line":51,"column":46}},"23":{"start":{"line":54,"column":14},"end":{"line":54,"column":61}},"24":{"start":{"line":55,"column":14},"end":{"line":57,"column":15}},"25":{"start":{"line":56,"column":16},"end":{"line":56,"column":47}},"26":{"start":{"line":64,"column":6},"end":{"line":64,"column":66}},"27":{"start":{"line":69,"column":2},"end":{"line":89,"column":7}},"28":{"start":{"line":73,"column":26},"end":{"line":73,"column":62}},"29":{"start":{"line":74,"column":6},"end":{"line":85,"column":7}},"30":{"start":{"line":78,"column":8},"end":{"line":82,"column":11}},"31":{"start":{"line":79,"column":10},"end":{"line":81,"column":13}},"32":{"start":{"line":80,"column":12},"end":{"line":80,"column":37}},"33":{"start":{"line":84,"column":8},"end":{"line":84,"column":39}},"34":{"start":{"line":88,"column":6},"end":{"line":88,"column":77}},"35":{"start":{"line":93,"column":2},"end":{"line":101,"column":3}},"36":{"start":{"line":94,"column":4},"end":{"line":100,"column":9}},"37":{"start":{"line":96,"column":8},"end":{"line":96,"column":34}},"38":{"start":{"line":99,"column":8},"end":{"line":99,"column":37}}},"fnMap":{"0":{"name":"register","decl":{"start":{"line":15,"column":16},"end":{"line":15,"column":24}},"loc":{"start":{"line":15,"column":42},"end":{"line":35,"column":1}},"line":15},"1":{"name":"(anonymous_1)","decl":{"start":{"line":22,"column":36},"end":{"line":22,"column":37}},"loc":{"start":{"line":22,"column":42},"end":{"line":33,"column":5}},"line":22},"2":{"name":"(anonymous_2)","decl":{"start":{"line":27,"column":43},"end":{"line":27,"column":44}},"loc":{"start":{"line":27,"column":49},"end":{"line":29,"column":9}},"line":27},"3":{"name":"registerValidSW","decl":{"start":{"line":37,"column":9},"end":{"line":37,"column":24}},"loc":{"start":{"line":37,"column":57},"end":{"line":66,"column":1}},"line":37},"4":{"name":"(anonymous_4)","decl":{"start":{"line":40,"column":10},"end":{"line":40,"column":11}},"loc":{"start":{"line":40,"column":28},"end":{"line":62,"column":5}},"line":40},"5":{"name":"(anonymous_5)","decl":{"start":{"line":41,"column":35},"end":{"line":41,"column":36}},"loc":{"start":{"line":41,"column":41},"end":{"line":61,"column":7}},"line":41},"6":{"name":"(anonymous_6)","decl":{"start":{"line":46,"column":41},"end":{"line":46,"column":42}},"loc":{"start":{"line":46,"column":47},"end":{"line":60,"column":9}},"line":46},"7":{"name":"(anonymous_7)","decl":{"start":{"line":63,"column":11},"end":{"line":63,"column":12}},"loc":{"start":{"line":63,"column":22},"end":{"line":65,"column":5}},"line":63},"8":{"name":"checkValidServiceWorker","decl":{"start":{"line":68,"column":9},"end":{"line":68,"column":32}},"loc":{"start":{"line":68,"column":65},"end":{"line":90,"column":1}},"line":68},"9":{"name":"(anonymous_9)","decl":{"start":{"line":72,"column":10},"end":{"line":72,"column":11}},"loc":{"start":{"line":72,"column":24},"end":{"line":86,"column":5}},"line":72},"10":{"name":"(anonymous_10)","decl":{"start":{"line":78,"column":43},"end":{"line":78,"column":44}},"loc":{"start":{"line":78,"column":61},"end":{"line":82,"column":9}},"line":78},"11":{"name":"(anonymous_11)","decl":{"start":{"line":79,"column":41},"end":{"line":79,"column":42}},"loc":{"start":{"line":79,"column":47},"end":{"line":81,"column":11}},"line":79},"12":{"name":"(anonymous_12)","decl":{"start":{"line":87,"column":11},"end":{"line":87,"column":12}},"loc":{"start":{"line":87,"column":17},"end":{"line":89,"column":5}},"line":87},"13":{"name":"unregister","decl":{"start":{"line":92,"column":16},"end":{"line":92,"column":26}},"loc":{"start":{"line":92,"column":29},"end":{"line":102,"column":1}},"line":92},"14":{"name":"(anonymous_14)","decl":{"start":{"line":95,"column":12},"end":{"line":95,"column":13}},"loc":{"start":{"line":95,"column":30},"end":{"line":97,"column":7}},"line":95},"15":{"name":"(anonymous_15)","decl":{"start":{"line":98,"column":13},"end":{"line":98,"column":14}},"loc":{"start":{"line":98,"column":24},"end":{"line":100,"column":7}},"line":98}},"branchMap":{"0":{"loc":{"start":{"line":5,"column":2},"end":{"line":7,"column":90}},"type":"binary-expr","locations":[{"start":{"line":5,"column":2},"end":{"line":5,"column":42}},{"start":{"line":6,"column":2},"end":{"line":6,"column":38}},{"start":{"line":7,"column":2},"end":{"line":7,"column":90}}],"line":5},"1":{"loc":{"start":{"line":16,"column":2},"end":{"line":34,"column":3}},"type":"if","locations":[{"start":{"line":16,"column":2},"end":{"line":34,"column":3}},{"start":{},"end":{}}],"line":16},"2":{"loc":{"start":{"line":16,"column":6},"end":{"line":16,"column":75}},"type":"binary-expr","locations":[{"start":{"line":16,"column":6},"end":{"line":16,"column":43}},{"start":{"line":16,"column":47},"end":{"line":16,"column":75}}],"line":16},"3":{"loc":{"start":{"line":18,"column":4},"end":{"line":20,"column":5}},"type":"if","locations":[{"start":{"line":18,"column":4},"end":{"line":20,"column":5}},{"start":{},"end":{}}],"line":18},"4":{"loc":{"start":{"line":25,"column":6},"end":{"line":32,"column":7}},"type":"if","locations":[{"start":{"line":25,"column":6},"end":{"line":32,"column":7}},{"start":{"line":30,"column":13},"end":{"line":32,"column":7}}],"line":25},"5":{"loc":{"start":{"line":43,"column":8},"end":{"line":45,"column":9}},"type":"if","locations":[{"start":{"line":43,"column":8},"end":{"line":45,"column":9}},{"start":{},"end":{}}],"line":43},"6":{"loc":{"start":{"line":47,"column":10},"end":{"line":59,"column":11}},"type":"if","locations":[{"start":{"line":47,"column":10},"end":{"line":59,"column":11}},{"start":{},"end":{}}],"line":47},"7":{"loc":{"start":{"line":48,"column":12},"end":{"line":58,"column":13}},"type":"if","locations":[{"start":{"line":48,"column":12},"end":{"line":58,"column":13}},{"start":{"line":53,"column":19},"end":{"line":58,"column":13}}],"line":48},"8":{"loc":{"start":{"line":50,"column":14},"end":{"line":52,"column":15}},"type":"if","locations":[{"start":{"line":50,"column":14},"end":{"line":52,"column":15}},{"start":{},"end":{}}],"line":50},"9":{"loc":{"start":{"line":50,"column":18},"end":{"line":50,"column":43}},"type":"binary-expr","locations":[{"start":{"line":50,"column":18},"end":{"line":50,"column":24}},{"start":{"line":50,"column":28},"end":{"line":50,"column":43}}],"line":50},"10":{"loc":{"start":{"line":55,"column":14},"end":{"line":57,"column":15}},"type":"if","locations":[{"start":{"line":55,"column":14},"end":{"line":57,"column":15}},{"start":{},"end":{}}],"line":55},"11":{"loc":{"start":{"line":55,"column":18},"end":{"line":55,"column":44}},"type":"binary-expr","locations":[{"start":{"line":55,"column":18},"end":{"line":55,"column":24}},{"start":{"line":55,"column":28},"end":{"line":55,"column":44}}],"line":55},"12":{"loc":{"start":{"line":74,"column":6},"end":{"line":85,"column":7}},"type":"if","locations":[{"start":{"line":74,"column":6},"end":{"line":85,"column":7}},{"start":{"line":83,"column":13},"end":{"line":85,"column":7}}],"line":74},"13":{"loc":{"start":{"line":75,"column":8},"end":{"line":76,"column":73}},"type":"binary-expr","locations":[{"start":{"line":75,"column":8},"end":{"line":75,"column":31}},{"start":{"line":76,"column":9},"end":{"line":76,"column":28}},{"start":{"line":76,"column":32},"end":{"line":76,"column":72}}],"line":75},"14":{"loc":{"start":{"line":93,"column":2},"end":{"line":101,"column":3}},"type":"if","locations":[{"start":{"line":93,"column":2},"end":{"line":101,"column":3}},{"start":{},"end":{}}],"line":93}},"s":{"0":0,"1":0,"2":0,"3":0,"4":0,"5":0,"6":0,"7":0,"8":0,"9":0,"10":0,"11":0,"12":0,"13":0,"14":0,"15":0,"16":0,"17":0,"18":0,"19":0,"20":0,"21":0,"22":0,"23":0,"24":0,"25":0,"26":0,"27":0,"28":0,"29":0,"30":0,"31":0,"32":0,"33":0,"34":0,"35":0,"36":0,"37":0,"38":0},"f":{"0":0,"1":0,"2":0,"3":0,"4":0,"5":0,"6":0,"7":0,"8":0,"9":0,"10":0,"11":0,"12":0,"13":0,"14":0,"15":0},"b":{"0":[0,0,0],"1":[0,0],"2":[0,0],"3":[0,0],"4":[0,0],"5":[0,0],"6":[0,0],"7":[0,0],"8":[0,0],"9":[0,0],"10":[0,0],"11":[0,0],"12":[0,0],"13":[0,0,0],"14":[0,0]}}
,"/Users/Other/cbr-ai-coach/src/components/AICoachAnalysis.tsx": {"path":"/Users/Other/cbr-ai-coach/src/components/AICoachAnalysis.tsx","statementMap":{"0":{"start":{"line":23,"column":41},"end":{"line":179,"column":1}},"1":{"start":{"line":24,"column":19},"end":{"line":24,"column":32}},"2":{"start":{"line":25,"column":48},"end":{"line":25,"column":78}},"3":{"start":{"line":26,"column":38},"end":{"line":26,"column":71}},"4":{"start":{"line":28,"column":2},"end":{"line":71,"column":9}},"5":{"start":{"line":30,"column":43},"end":{"line":55,"column":5}},"6":{"start":{"line":57,"column":37},"end":{"line":67,"column":5}},"7":{"start":{"line":69,"column":4},"end":{"line":69,"column":37}},"8":{"start":{"line":70,"column":4},"end":{"line":70,"column":32}},"9":{"start":{"line":73,"column":2},"end":{"line":178,"column":4}},"10":{"start":{"line":86,"column":29},"end":{"line":86,"column":42}},"11":{"start":{"line":122,"column":14},"end":{"line":141,"column":20}},"12":{"start":{"line":151,"column":18},"end":{"line":154,"column":24}},"13":{"start":{"line":164,"column":29},"end":{"line":164,"column":57}},"14":{"start":{"line":170,"column":29},"end":{"line":170,"column":42}}},"fnMap":{"0":{"name":"(anonymous_0)","decl":{"start":{"line":23,"column":41},"end":{"line":23,"column":42}},"loc":{"start":{"line":23,"column":47},"end":{"line":179,"column":1}},"line":23},"1":{"name":"(anonymous_1)","decl":{"start":{"line":28,"column":12},"end":{"line":28,"column":13}},"loc":{"start":{"line":28,"column":18},"end":{"line":71,"column":3}},"line":28},"2":{"name":"(anonymous_2)","decl":{"start":{"line":86,"column":23},"end":{"line":86,"column":24}},"loc":{"start":{"line":86,"column":29},"end":{"line":86,"column":42}},"line":86},"3":{"name":"(anonymous_3)","decl":{"start":{"line":121,"column":33},"end":{"line":121,"column":34}},"loc":{"start":{"line":122,"column":14},"end":{"line":141,"column":20}},"line":122},"4":{"name":"(anonymous_4)","decl":{"start":{"line":150,"column":48},"end":{"line":150,"column":49}},"loc":{"start":{"line":151,"column":18},"end":{"line":154,"column":24}},"line":151},"5":{"name":"(anonymous_5)","decl":{"start":{"line":164,"column":23},"end":{"line":164,"column":24}},"loc":{"start":{"line":164,"column":29},"end":{"line":164,"column":57}},"line":164},"6":{"name":"(anonymous_6)","decl":{"start":{"line":170,"column":23},"end":{"line":170,"column":24}},"loc":{"start":{"line":170,"column":29},"end":{"line":170,"column":42}},"line":170}},"branchMap":{"0":{"loc":{"start":{"line":93,"column":11},"end":{"line":116,"column":11}},"type":"binary-expr","locations":[{"start":{"line":93,"column":11},"end":{"line":93,"column":21}},{"start":{"line":94,"column":12},"end":{"line":115,"column":18}}],"line":93},"1":{"loc":{"start":{"line":146,"column":11},"end":{"line":158,"column":11}},"type":"binary-expr","locations":[{"start":{"line":146,"column":11},"end":{"line":146,"column":21}},{"start":{"line":147,"column":12},"end":{"line":157,"column":18}}],"line":146}},"s":{"0":0,"1":0,"2":0,"3":0,"4":0,"5":0,"6":0,"7":0,"8":0,"9":0,"10":0,"11":0,"12":0,"13":0,"14":0},"f":{"0":0,"1":0,"2":0,"3":0,"4":0,"5":0,"6":0},"b":{"0":[0,0],"1":[0,0]}}
,"/Users/Other/cbr-ai-coach/src/components/AICoachDashboard.tsx": {"path":"/Users/Other/cbr-ai-coach/src/components/AICoachDashboard.tsx","statementMap":{"0":{"start":{"line":19,"column":42},"end":{"line":164,"column":1}},"1":{"start":{"line":20,"column":19},"end":{"line":20,"column":32}},"2":{"start":{"line":22,"column":42},"end":{"line":29,"column":4}},"3":{"start":{"line":31,"column":38},"end":{"line":31,"column":63}},"4":{"start":{"line":33,"column":2},"end":{"line":48,"column":9}},"5":{"start":{"line":35,"column":35},"end":{"line":42,"column":5}},"6":{"start":{"line":37,"column":66},"end":{"line":37,"column":88}},"7":{"start":{"line":38,"column":66},"end":{"line":38,"column":79}},"8":{"start":{"line":44,"column":25},"end":{"line":44,"column":48}},"9":{"start":{"line":46,"column":4},"end":{"line":46,"column":30}},"10":{"start":{"line":47,"column":4},"end":{"line":47,"column":32}},"11":{"start":{"line":50,"column":24},"end":{"line":56,"column":3}},"12":{"start":{"line":52,"column":4},"end":{"line":52,"column":60}},"13":{"start":{"line":52,"column":33},"end":{"line":52,"column":58}},"14":{"start":{"line":55,"column":4},"end":{"line":55,"column":29}},"15":{"start":{"line":58,"column":24},"end":{"line":62,"column":3}},"16":{"start":{"line":59,"column":4},"end":{"line":59,"column":33}},"17":{"start":{"line":59,"column":20},"end":{"line":59,"column":33}},"18":{"start":{"line":60,"column":4},"end":{"line":60,"column":36}},"19":{"start":{"line":60,"column":20},"end":{"line":60,"column":36}},"20":{"start":{"line":61,"column":4},"end":{"line":61,"column":19}},"21":{"start":{"line":64,"column":21},"end":{"line":69,"column":3}},"22":{"start":{"line":65,"column":23},"end":{"line":65,"column":40}},"23":{"start":{"line":66,"column":20},"end":{"line":66,"column":57}},"24":{"start":{"line":68,"column":4},"end":{"line":68,"column":88}},"25":{"start":{"line":71,"column":27},"end":{"line":76,"column":3}},"26":{"start":{"line":72,"column":24},"end":{"line":72,"column":26}},"27":{"start":{"line":73,"column":22},"end":{"line":73,"column":71}},"28":{"start":{"line":74,"column":23},"end":{"line":74,"column":82}},"29":{"start":{"line":75,"column":4},"end":{"line":75,"column":37}},"30":{"start":{"line":78,"column":36},"end":{"line":82,"column":3}},"31":{"start":{"line":80,"column":19},"end":{"line":80,"column":58}},"32":{"start":{"line":81,"column":4},"end":{"line":81,"column":36}},"33":{"start":{"line":84,"column":2},"end":{"line":163,"column":4}},"34":{"start":{"line":134,"column":16},"end":{"line":154,"column":22}},"35":{"start":{"line":147,"column":39},"end":{"line":147,"column":73}}},"fnMap":{"0":{"name":"(anonymous_0)","decl":{"start":{"line":19,"column":42},"end":{"line":19,"column":43}},"loc":{"start":{"line":19,"column":48},"end":{"line":164,"column":1}},"line":19},"1":{"name":"(anonymous_1)","decl":{"start":{"line":33,"column":12},"end":{"line":33,"column":13}},"loc":{"start":{"line":33,"column":18},"end":{"line":48,"column":3}},"line":33},"2":{"name":"(anonymous_2)","decl":{"start":{"line":37,"column":54},"end":{"line":37,"column":55}},"loc":{"start":{"line":37,"column":66},"end":{"line":37,"column":88}},"line":37},"3":{"name":"(anonymous_3)","decl":{"start":{"line":38,"column":54},"end":{"line":38,"column":55}},"loc":{"start":{"line":38,"column":66},"end":{"line":38,"column":79}},"line":38},"4":{"name":"(anonymous_4)","decl":{"start":{"line":50,"column":24},"end":{"line":50,"column":25}},"loc":{"start":{"line":50,"column":36},"end":{"line":56,"column":3}},"line":50},"5":{"name":"(anonymous_5)","decl":{"start":{"line":52,"column":22},"end":{"line":52,"column":23}},"loc":{"start":{"line":52,"column":33},"end":{"line":52,"column":58}},"line":52},"6":{"name":"(anonymous_6)","decl":{"start":{"line":58,"column":24},"end":{"line":58,"column":25}},"loc":{"start":{"line":58,"column":43},"end":{"line":62,"column":3}},"line":58},"7":{"name":"(anonymous_7)","decl":{"start":{"line":64,"column":21},"end":{"line":64,"column":22}},"loc":{"start":{"line":64,"column":40},"end":{"line":69,"column":3}},"line":64},"8":{"name":"(anonymous_8)","decl":{"start":{"line":71,"column":27},"end":{"line":71,"column":28}},"loc":{"start":{"line":71,"column":33},"end":{"line":76,"column":3}},"line":71},"9":{"name":"(anonymous_9)","decl":{"start":{"line":78,"column":36},"end":{"line":78,"column":37}},"loc":{"start":{"line":78,"column":60},"end":{"line":82,"column":3}},"line":78},"10":{"name":"(anonymous_10)","decl":{"start":{"line":133,"column":30},"end":{"line":133,"column":31}},"loc":{"start":{"line":134,"column":16},"end":{"line":154,"column":22}},"line":134},"11":{"name":"(anonymous_11)","decl":{"start":{"line":147,"column":33},"end":{"line":147,"column":34}},"loc":{"start":{"line":147,"column":39},"end":{"line":147,"column":73}},"line":147}},"branchMap":{"0":{"loc":{"start":{"line":59,"column":4},"end":{"line":59,"column":33}},"type":"if","locations":[{"start":{"line":59,"column":4},"end":{"line":59,"column":33}},{"start":{},"end":{}}],"line":59},"1":{"loc":{"start":{"line":60,"column":4},"end":{"line":60,"column":36}},"type":"if","locations":[{"start":{"line":60,"column":4},"end":{"line":60,"column":36}},{"start":{},"end":{}}],"line":60},"2":{"loc":{"start":{"line":80,"column":19},"end":{"line":80,"column":58}},"type":"binary-expr","locations":[{"start":{"line":80,"column":19},"end":{"line":80,"column":33}},{"start":{"line":80,"column":37},"end":{"line":80,"column":58}}],"line":80},"3":{"loc":{"start":{"line":111,"column":42},"end":{"line":111,"column":94}},"type":"cond-expr","locations":[{"start":{"line":111,"column":73},"end":{"line":111,"column":82}},{"start":{"line":111,"column":85},"end":{"line":111,"column":94}}],"line":111},"4":{"loc":{"start":{"line":122,"column":42},"end":{"line":122,"column":102}},"type":"cond-expr","locations":[{"start":{"line":122,"column":81},"end":{"line":122,"column":90}},{"start":{"line":122,"column":93},"end":{"line":122,"column":102}}],"line":122},"5":{"loc":{"start":{"line":137,"column":21},"end":{"line":139,"column":21}},"type":"binary-expr","locations":[{"start":{"line":137,"column":21},"end":{"line":137,"column":40}},{"start":{"line":138,"column":22},"end":{"line":138,"column":82}}],"line":137},"6":{"loc":{"start":{"line":140,"column":21},"end":{"line":142,"column":21}},"type":"binary-expr","locations":[{"start":{"line":140,"column":21},"end":{"line":140,"column":38}},{"start":{"line":140,"column":42},"end":{"line":140,"column":63}},{"start":{"line":141,"column":22},"end":{"line":141,"column":111}}],"line":140},"7":{"loc":{"start":{"line":144,"column":21},"end":{"line":152,"column":21}},"type":"binary-expr","locations":[{"start":{"line":144,"column":21},"end":{"line":144,"column":54}},{"start":{"line":145,"column":22},"end":{"line":151,"column":31}}],"line":144}},"s":{"0":0,"1":0,"2":0,"3":0,"4":0,"5":0,"6":0,"7":0,"8":0,"9":0,"10":0,"11":0,"12":0,"13":0,"14":0,"15":0,"16":0,"17":0,"18":0,"19":0,"20":0,"21":0,"22":0,"23":0,"24":0,"25":0,"26":0,"27":0,"28":0,"29":0,"30":0,"31":0,"32":0,"33":0,"34":0,"35":0},"f":{"0":0,"1":0,"2":0,"3":0,"4":0,"5":0,"6":0,"7":0,"8":0,"9":0,"10":0,"11":0},"b":{"0":[0,0],"1":[0,0],"2":[0,0],"3":[0,0],"4":[0,0],"5":[0,0],"6":[0,0,0],"7":[0,0]}}
,"/Users/Other/cbr-ai-coach/src/components/AICoachRecommendations.tsx": {"path":"/Users/Other/cbr-ai-coach/src/components/AICoachRecommendations.tsx","statementMap":{"0":{"start":{"line":23,"column":48},"end":{"line":223,"column":1}},"1":{"start":{"line":24,"column":19},"end":{"line":24,"column":32}},"2":{"start":{"line":25,"column":48},"end":{"line":25,"column":83}},"3":{"start":{"line":26,"column":44},"end":{"line":26,"column":80}},"4":{"start":{"line":27,"column":36},"end":{"line":27,"column":58}},"5":{"start":{"line":29,"column":2},"end":{"line":86,"column":9}},"6":{"start":{"line":31,"column":55},"end":{"line":68,"column":5}},"7":{"start":{"line":70,"column":45},"end":{"line":74,"column":5}},"8":{"start":{"line":76,"column":26},"end":{"line":81,"column":5}},"9":{"start":{"line":83,"column":4},"end":{"line":83,"column":44}},"10":{"start":{"line":84,"column":4},"end":{"line":84,"column":40}},"11":{"start":{"line":85,"column":4},"end":{"line":85,"column":32}},"12":{"start":{"line":88,"column":27},"end":{"line":95,"column":3}},"13":{"start":{"line":89,"column":4},"end":{"line":94,"column":5}},"14":{"start":{"line":90,"column":19},"end":{"line":90,"column":36}},"15":{"start":{"line":91,"column":21},"end":{"line":91,"column":38}},"16":{"start":{"line":92,"column":18},"end":{"line":92,"column":35}},"17":{"start":{"line":93,"column":15},"end":{"line":93,"column":32}},"18":{"start":{"line":97,"column":27},"end":{"line":104,"column":3}},"19":{"start":{"line":98,"column":4},"end":{"line":103,"column":5}},"20":{"start":{"line":99,"column":19},"end":{"line":99,"column":45}},"21":{"start":{"line":100,"column":21},"end":{"line":100,"column":48}},"22":{"start":{"line":101,"column":18},"end":{"line":101,"column":42}},"23":{"start":{"line":102,"column":15},"end":{"line":102,"column":31}},"24":{"start":{"line":106,"column":2},"end":{"line":222,"column":4}},"25":{"start":{"line":123,"column":29},"end":{"line":123,"column":42}},"26":{"start":{"line":148,"column":16},"end":{"line":151,"column":22}},"27":{"start":{"line":160,"column":14},"end":{"line":200,"column":20}},"28":{"start":{"line":195,"column":24},"end":{"line":195,"column":82}},"29":{"start":{"line":208,"column":29},"end":{"line":208,"column":42}},"30":{"start":{"line":214,"column":29},"end":{"line":214,"column":42}}},"fnMap":{"0":{"name":"(anonymous_0)","decl":{"start":{"line":23,"column":48},"end":{"line":23,"column":49}},"loc":{"start":{"line":23,"column":54},"end":{"line":223,"column":1}},"line":23},"1":{"name":"(anonymous_1)","decl":{"start":{"line":29,"column":12},"end":{"line":29,"column":13}},"loc":{"start":{"line":29,"column":18},"end":{"line":86,"column":3}},"line":29},"2":{"name":"(anonymous_2)","decl":{"start":{"line":88,"column":27},"end":{"line":88,"column":28}},"loc":{"start":{"line":88,"column":49},"end":{"line":95,"column":3}},"line":88},"3":{"name":"(anonymous_3)","decl":{"start":{"line":97,"column":27},"end":{"line":97,"column":28}},"loc":{"start":{"line":97,"column":49},"end":{"line":104,"column":3}},"line":97},"4":{"name":"(anonymous_4)","decl":{"start":{"line":123,"column":23},"end":{"line":123,"column":24}},"loc":{"start":{"line":123,"column":29},"end":{"line":123,"column":42}},"line":123},"5":{"name":"(anonymous_5)","decl":{"start":{"line":147,"column":29},"end":{"line":147,"column":30}},"loc":{"start":{"line":148,"column":16},"end":{"line":151,"column":22}},"line":148},"6":{"name":"(anonymous_6)","decl":{"start":{"line":159,"column":33},"end":{"line":159,"column":34}},"loc":{"start":{"line":160,"column":14},"end":{"line":200,"column":20}},"line":160},"7":{"name":"(anonymous_7)","decl":{"start":{"line":194,"column":41},"end":{"line":194,"column":42}},"loc":{"start":{"line":195,"column":24},"end":{"line":195,"column":82}},"line":195},"8":{"name":"(anonymous_8)","decl":{"start":{"line":208,"column":23},"end":{"line":208,"column":24}},"loc":{"start":{"line":208,"column":29},"end":{"line":208,"column":42}},"line":208},"9":{"name":"(anonymous_9)","decl":{"start":{"line":214,"column":23},"end":{"line":214,"column":24}},"loc":{"start":{"line":214,"column":29},"end":{"line":214,"column":42}},"line":214}},"branchMap":{"0":{"loc":{"start":{"line":89,"column":4},"end":{"line":94,"column":5}},"type":"switch","locations":[{"start":{"line":90,"column":6},"end":{"line":90,"column":36}},{"start":{"line":91,"column":6},"end":{"line":91,"column":38}},{"start":{"line":92,"column":6},"end":{"line":92,"column":35}},{"start":{"line":93,"column":6},"end":{"line":93,"column":32}}],"line":89},"1":{"loc":{"start":{"line":98,"column":4},"end":{"line":103,"column":5}},"type":"switch","locations":[{"start":{"line":99,"column":6},"end":{"line":99,"column":45}},{"start":{"line":100,"column":6},"end":{"line":100,"column":48}},{"start":{"line":101,"column":6},"end":{"line":101,"column":42}},{"start":{"line":102,"column":6},"end":{"line":102,"column":31}}],"line":98},"2":{"loc":{"start":{"line":130,"column":11},"end":{"line":141,"column":11}},"type":"binary-expr","locations":[{"start":{"line":130,"column":11},"end":{"line":130,"column":24}},{"start":{"line":131,"column":12},"end":{"line":140,"column":18}}],"line":130}},"s":{"0":0,"1":0,"2":0,"3":0,"4":0,"5":0,"6":0,"7":0,"8":0,"9":0,"10":0,"11":0,"12":0,"13":0,"14":0,"15":0,"16":0,"17":0,"18":0,"19":0,"20":0,"21":0,"22":0,"23":0,"24":0,"25":0,"26":0,"27":0,"28":0,"29":0,"30":0},"f":{"0":0,"1":0,"2":0,"3":0,"4":0,"5":0,"6":0,"7":0,"8":0,"9":0},"b":{"0":[0,0,0,0],"1":[0,0,0,0],"2":[0,0]}}
,"/Users/Other/cbr-ai-coach/src/components/InstallPrompt.tsx": {"path":"/Users/Other/cbr-ai-coach/src/components/InstallPrompt.tsx","statementMap":{"0":{"start":{"line":9,"column":39},"end":{"line":107,"column":1}},"1":{"start":{"line":10,"column":46},"end":{"line":10,"column":93}},"2":{"start":{"line":11,"column":38},"end":{"line":11,"column":53}},"3":{"start":{"line":13,"column":2},"end":{"line":44,"column":9}},"4":{"start":{"line":15,"column":4},"end":{"line":17,"column":5}},"5":{"start":{"line":16,"column":6},"end":{"line":16,"column":13}},"6":{"start":{"line":20,"column":22},"end":{"line":20,"column":68}},"7":{"start":{"line":21,"column":4},"end":{"line":27,"column":5}},"8":{"start":{"line":22,"column":28},"end":{"line":22,"column":47}},"9":{"start":{"line":23,"column":33},"end":{"line":23,"column":85}},"10":{"start":{"line":24,"column":6},"end":{"line":26,"column":7}},"11":{"start":{"line":25,"column":8},"end":{"line":25,"column":15}},"12":{"start":{"line":29,"column":20},"end":{"line":37,"column":5}},"13":{"start":{"line":30,"column":6},"end":{"line":30,"column":25}},"14":{"start":{"line":31,"column":6},"end":{"line":31,"column":55}},"15":{"start":{"line":34,"column":6},"end":{"line":36,"column":15}},"16":{"start":{"line":35,"column":8},"end":{"line":35,"column":28}},"17":{"start":{"line":39,"column":4},"end":{"line":39,"column":60}},"18":{"start":{"line":41,"column":4},"end":{"line":43,"column":6}},"19":{"start":{"line":42,"column":6},"end":{"line":42,"column":65}},"20":{"start":{"line":46,"column":24},"end":{"line":58,"column":3}},"21":{"start":{"line":47,"column":4},"end":{"line":47,"column":32}},"22":{"start":{"line":47,"column":25},"end":{"line":47,"column":32}},"23":{"start":{"line":49,"column":4},"end":{"line":49,"column":28}},"24":{"start":{"line":50,"column":24},"end":{"line":50,"column":55}},"25":{"start":{"line":52,"column":4},"end":{"line":54,"column":5}},"26":{"start":{"line":53,"column":6},"end":{"line":53,"column":54}},"27":{"start":{"line":56,"column":4},"end":{"line":56,"column":28}},"28":{"start":{"line":57,"column":4},"end":{"line":57,"column":25}},"29":{"start":{"line":60,"column":24},"end":{"line":63,"column":3}},"30":{"start":{"line":61,"column":4},"end":{"line":61,"column":74}},"31":{"start":{"line":62,"column":4},"end":{"line":62,"column":25}},"32":{"start":{"line":65,"column":2},"end":{"line":67,"column":3}},"33":{"start":{"line":66,"column":4},"end":{"line":66,"column":16}},"34":{"start":{"line":69,"column":2},"end":{"line":106,"column":4}},"35":{"start":{"line":71,"column":54},"end":{"line":71,"column":73}}},"fnMap":{"0":{"name":"(anonymous_0)","decl":{"start":{"line":9,"column":39},"end":{"line":9,"column":40}},"loc":{"start":{"line":9,"column":45},"end":{"line":107,"column":1}},"line":9},"1":{"name":"(anonymous_1)","decl":{"start":{"line":13,"column":12},"end":{"line":13,"column":13}},"loc":{"start":{"line":13,"column":18},"end":{"line":44,"column":3}},"line":13},"2":{"name":"(anonymous_2)","decl":{"start":{"line":29,"column":20},"end":{"line":29,"column":21}},"loc":{"start":{"line":29,"column":34},"end":{"line":37,"column":5}},"line":29},"3":{"name":"(anonymous_3)","decl":{"start":{"line":34,"column":17},"end":{"line":34,"column":18}},"loc":{"start":{"line":34,"column":23},"end":{"line":36,"column":7}},"line":34},"4":{"name":"(anonymous_4)","decl":{"start":{"line":41,"column":11},"end":{"line":41,"column":12}},"loc":{"start":{"line":41,"column":17},"end":{"line":43,"column":5}},"line":41},"5":{"name":"(anonymous_5)","decl":{"start":{"line":46,"column":24},"end":{"line":46,"column":25}},"loc":{"start":{"line":46,"column":36},"end":{"line":58,"column":3}},"line":46},"6":{"name":"(anonymous_6)","decl":{"start":{"line":60,"column":24},"end":{"line":60,"column":25}},"loc":{"start":{"line":60,"column":30},"end":{"line":63,"column":3}},"line":60},"7":{"name":"(anonymous_7)","decl":{"start":{"line":71,"column":47},"end":{"line":71,"column":48}},"loc":{"start":{"line":71,"column":54},"end":{"line":71,"column":73}},"line":71}},"branchMap":{"0":{"loc":{"start":{"line":15,"column":4},"end":{"line":17,"column":5}},"type":"if","locations":[{"start":{"line":15,"column":4},"end":{"line":17,"column":5}},{"start":{},"end":{}}],"line":15},"1":{"loc":{"start":{"line":21,"column":4},"end":{"line":27,"column":5}},"type":"if","locations":[{"start":{"line":21,"column":4},"end":{"line":27,"column":5}},{"start":{},"end":{}}],"line":21},"2":{"loc":{"start":{"line":24,"column":6},"end":{"line":26,"column":7}},"type":"if","locations":[{"start":{"line":24,"column":6},"end":{"line":26,"column":7}},{"start":{},"end":{}}],"line":24},"3":{"loc":{"start":{"line":47,"column":4},"end":{"line":47,"column":32}},"type":"if","locations":[{"start":{"line":47,"column":4},"end":{"line":47,"column":32}},{"start":{},"end":{}}],"line":47},"4":{"loc":{"start":{"line":52,"column":4},"end":{"line":54,"column":5}},"type":"if","locations":[{"start":{"line":52,"column":4},"end":{"line":54,"column":5}},{"start":{},"end":{}}],"line":52},"5":{"loc":{"start":{"line":65,"column":2},"end":{"line":67,"column":3}},"type":"if","locations":[{"start":{"line":65,"column":2},"end":{"line":67,"column":3}},{"start":{},"end":{}}],"line":65},"6":{"loc":{"start":{"line":65,"column":6},"end":{"line":65,"column":36}},"type":"binary-expr","locations":[{"start":{"line":65,"column":6},"end":{"line":65,"column":17}},{"start":{"line":65,"column":21},"end":{"line":65,"column":36}}],"line":65}},"s":{"0":0,"1":0,"2":0,"3":0,"4":0,"5":0,"6":0,"7":0,"8":0,"9":0,"10":0,"11":0,"12":0,"13":0,"14":0,"15":0,"16":0,"17":0,"18":0,"19":0,"20":0,"21":0,"22":0,"23":0,"24":0,"25":0,"26":0,"27":0,"28":0,"29":0,"30":0,"31":0,"32":0,"33":0,"34":0,"35":0},"f":{"0":0,"1":0,"2":0,"3":0,"4":0,"5":0,"6":0,"7":0},"b":{"0":[0,0],"1":[0,0],"2":[0,0],"3":[0,0],"4":[0,0],"5":[0,0],"6":[0,0]}}
,"/Users/Other/cbr-ai-coach/src/components/LoadingState.tsx": {"path":"/Users/Other/cbr-ai-coach/src/components/LoadingState.tsx","statementMap":{"0":{"start":{"line":10,"column":59},"end":{"line":22,"column":1}},"1":{"start":{"line":14,"column":2},"end":{"line":21,"column":4}},"2":{"start":{"line":24,"column":56},"end":{"line":39,"column":1}},"3":{"start":{"line":27,"column":2},"end":{"line":38,"column":4}},"4":{"start":{"line":41,"column":38},"end":{"line":49,"column":1}},"5":{"start":{"line":42,"column":2},"end":{"line":48,"column":4}},"6":{"start":{"line":51,"column":42},"end":{"line":61,"column":1}},"7":{"start":{"line":52,"column":2},"end":{"line":60,"column":4}},"8":{"start":{"line":63,"column":45},"end":{"line":70,"column":1}},"9":{"start":{"line":64,"column":2},"end":{"line":69,"column":4}}},"fnMap":{"0":{"name":"(anonymous_0)","decl":{"start":{"line":10,"column":59},"end":{"line":10,"column":60}},"loc":{"start":{"line":13,"column":6},"end":{"line":22,"column":1}},"line":13},"1":{"name":"(anonymous_1)","decl":{"start":{"line":24,"column":56},"end":{"line":24,"column":57}},"loc":{"start":{"line":26,"column":6},"end":{"line":39,"column":1}},"line":26},"2":{"name":"(anonymous_2)","decl":{"start":{"line":41,"column":38},"end":{"line":41,"column":39}},"loc":{"start":{"line":41,"column":44},"end":{"line":49,"column":1}},"line":41},"3":{"name":"(anonymous_3)","decl":{"start":{"line":51,"column":42},"end":{"line":51,"column":43}},"loc":{"start":{"line":51,"column":48},"end":{"line":61,"column":1}},"line":51},"4":{"name":"(anonymous_4)","decl":{"start":{"line":63,"column":45},"end":{"line":63,"column":46}},"loc":{"start":{"line":63,"column":51},"end":{"line":70,"column":1}},"line":63}},"branchMap":{"0":{"loc":{"start":{"line":11,"column":2},"end":{"line":11,"column":21}},"type":"default-arg","locations":[{"start":{"line":11,"column":9},"end":{"line":11,"column":21}}],"line":11},"1":{"loc":{"start":{"line":12,"column":2},"end":{"line":12,"column":20}},"type":"default-arg","locations":[{"start":{"line":12,"column":15},"end":{"line":12,"column":20}}],"line":12},"2":{"loc":{"start":{"line":15,"column":41},"end":{"line":15,"column":71}},"type":"cond-expr","locations":[{"start":{"line":15,"column":54},"end":{"line":15,"column":66}},{"start":{"line":15,"column":69},"end":{"line":15,"column":71}}],"line":15},"3":{"loc":{"start":{"line":18,"column":9},"end":{"line":18,"column":55}},"type":"binary-expr","locations":[{"start":{"line":18,"column":9},"end":{"line":18,"column":13}},{"start":{"line":18,"column":17},"end":{"line":18,"column":55}}],"line":18},"4":{"loc":{"start":{"line":25,"column":2},"end":{"line":25,"column":18}},"type":"default-arg","locations":[{"start":{"line":25,"column":9},"end":{"line":25,"column":18}}],"line":25}},"s":{"0":0,"1":0,"2":0,"3":0,"4":0,"5":0,"6":0,"7":0,"8":0,"9":0},"f":{"0":0,"1":0,"2":0,"3":0,"4":0},"b":{"0":[0],"1":[0],"2":[0,0],"3":[0,0],"4":[0]}}
,"/Users/Other/cbr-ai-coach/src/components/Mascot.tsx": {"path":"/Users/Other/cbr-ai-coach/src/components/Mascot.tsx","statementMap":{"0":{"start":{"line":7,"column":49},"end":{"line":13,"column":1}},"1":{"start":{"line":17,"column":23},"end":{"line":17,"column":49}},"2":{"start":{"line":18,"column":2},"end":{"line":18,"column":63}},"3":{"start":{"line":18,"column":22},"end":{"line":18,"column":63}},"4":{"start":{"line":19,"column":2},"end":{"line":19,"column":73}},"5":{"start":{"line":19,"column":27},"end":{"line":19,"column":73}},"6":{"start":{"line":20,"column":2},"end":{"line":20,"column":68}},"7":{"start":{"line":20,"column":26},"end":{"line":20,"column":68}},"8":{"start":{"line":22,"column":2},"end":{"line":31,"column":4}}},"fnMap":{"0":{"name":"Mascot","decl":{"start":{"line":15,"column":16},"end":{"line":15,"column":22}},"loc":{"start":{"line":15,"column":95},"end":{"line":32,"column":1}},"line":15}},"branchMap":{"0":{"loc":{"start":{"line":15,"column":25},"end":{"line":15,"column":35}},"type":"default-arg","locations":[{"start":{"line":15,"column":32},"end":{"line":15,"column":35}}],"line":15},"1":{"loc":{"start":{"line":15,"column":37},"end":{"line":15,"column":53}},"type":"default-arg","locations":[{"start":{"line":15,"column":44},"end":{"line":15,"column":53}}],"line":15},"2":{"loc":{"start":{"line":18,"column":2},"end":{"line":18,"column":63}},"type":"if","locations":[{"start":{"line":18,"column":2},"end":{"line":18,"column":63}},{"start":{},"end":{}}],"line":18},"3":{"loc":{"start":{"line":19,"column":2},"end":{"line":19,"column":73}},"type":"if","locations":[{"start":{"line":19,"column":2},"end":{"line":19,"column":73}},{"start":{},"end":{}}],"line":19},"4":{"loc":{"start":{"line":20,"column":2},"end":{"line":20,"column":68}},"type":"if","locations":[{"start":{"line":20,"column":2},"end":{"line":20,"column":68}},{"start":{},"end":{}}],"line":20}},"s":{"0":0,"1":0,"2":0,"3":0,"4":0,"5":0,"6":0,"7":0,"8":0},"f":{"0":0},"b":{"0":[0],"1":[0],"2":[0,0],"3":[0,0],"4":[0,0]}}
,"/Users/Other/cbr-ai-coach/src/components/MockExam.tsx": {"path":"/Users/Other/cbr-ai-coach/src/components/MockExam.tsx","statementMap":{"0":{"start":{"line":26,"column":34},"end":{"line":347,"column":1}},"1":{"start":{"line":27,"column":21},"end":{"line":27,"column":52}},"2":{"start":{"line":28,"column":19},"end":{"line":28,"column":32}},"3":{"start":{"line":31,"column":54},"end":{"line":35,"column":3}},"4":{"start":{"line":37,"column":36},"end":{"line":37,"column":60}},"5":{"start":{"line":38,"column":58},"end":{"line":38,"column":69}},"6":{"start":{"line":39,"column":46},"end":{"line":39,"column":75}},"7":{"start":{"line":40,"column":38},"end":{"line":40,"column":53}},"8":{"start":{"line":41,"column":34},"end":{"line":41,"column":45}},"9":{"start":{"line":42,"column":38},"end":{"line":42,"column":53}},"10":{"start":{"line":43,"column":38},"end":{"line":43,"column":75}},"11":{"start":{"line":44,"column":32},"end":{"line":44,"column":68}},"12":{"start":{"line":45,"column":44},"end":{"line":45,"column":59}},"13":{"start":{"line":46,"column":32},"end":{"line":46,"column":47}},"14":{"start":{"line":49,"column":2},"end":{"line":54,"column":9}},"15":{"start":{"line":50,"column":4},"end":{"line":50,"column":56}},"16":{"start":{"line":51,"column":4},"end":{"line":53,"column":6}},"17":{"start":{"line":52,"column":6},"end":{"line":52,"column":61}},"18":{"start":{"line":57,"column":2},"end":{"line":73,"column":25}},"19":{"start":{"line":58,"column":4},"end":{"line":58,"column":24}},"20":{"start":{"line":58,"column":17},"end":{"line":58,"column":24}},"21":{"start":{"line":60,"column":19},"end":{"line":60,"column":38}},"22":{"start":{"line":61,"column":4},"end":{"line":64,"column":5}},"23":{"start":{"line":62,"column":6},"end":{"line":62,"column":29}},"24":{"start":{"line":63,"column":6},"end":{"line":63,"column":13}},"25":{"start":{"line":66,"column":4},"end":{"line":66,"column":26}},"26":{"start":{"line":67,"column":4},"end":{"line":67,"column":39}},"27":{"start":{"line":70,"column":31},"end":{"line":70,"column":69}},"28":{"start":{"line":71,"column":4},"end":{"line":71,"column":37}},"29":{"start":{"line":76,"column":30},"end":{"line":128,"column":3}},"30":{"start":{"line":77,"column":34},"end":{"line":105,"column":5}},"31":{"start":{"line":107,"column":33},"end":{"line":107,"column":76}},"32":{"start":{"line":108,"column":31},"end":{"line":108,"column":73}},"33":{"start":{"line":111,"column":33},"end":{"line":111,"column":91}},"34":{"start":{"line":111,"column":71},"end":{"line":111,"column":90}},"35":{"start":{"line":112,"column":37},"end":{"line":112,"column":94}},"36":{"start":{"line":112,"column":74},"end":{"line":112,"column":93}},"37":{"start":{"line":113,"column":35},"end":{"line":113,"column":90}},"38":{"start":{"line":113,"column":70},"end":{"line":113,"column":89}},"39":{"start":{"line":116,"column":33},"end":{"line":116,"column":66}},"40":{"start":{"line":117,"column":37},"end":{"line":117,"column":74}},"41":{"start":{"line":118,"column":35},"end":{"line":118,"column":70}},"42":{"start":{"line":121,"column":17},"end":{"line":125,"column":37}},"43":{"start":{"line":125,"column":17},"end":{"line":125,"column":36}},"44":{"start":{"line":127,"column":4},"end":{"line":127,"column":16}},"45":{"start":{"line":131,"column":2},"end":{"line":146,"column":44}},"46":{"start":{"line":132,"column":4},"end":{"line":132,"column":62}},"47":{"start":{"line":132,"column":55},"end":{"line":132,"column":62}},"48":{"start":{"line":134,"column":18},"end":{"line":142,"column":12}},"49":{"start":{"line":135,"column":6},"end":{"line":141,"column":9}},"50":{"start":{"line":136,"column":8},"end":{"line":139,"column":9}},"51":{"start":{"line":137,"column":10},"end":{"line":137,"column":23}},"52":{"start":{"line":138,"column":10},"end":{"line":138,"column":19}},"53":{"start":{"line":140,"column":8},"end":{"line":140,"column":24}},"54":{"start":{"line":144,"column":4},"end":{"line":144,"column":38}},"55":{"start":{"line":144,"column":17},"end":{"line":144,"column":37}},"56":{"start":{"line":148,"column":20},"end":{"line":150,"column":3}},"57":{"start":{"line":149,"column":4},"end":{"line":149,"column":27}},"58":{"start":{"line":152,"column":21},"end":{"line":183,"column":3}},"59":{"start":{"line":153,"column":4},"end":{"line":153,"column":19}},"60":{"start":{"line":154,"column":4},"end":{"line":154,"column":24}},"61":{"start":{"line":157,"column":27},"end":{"line":159,"column":12}},"62":{"start":{"line":158,"column":6},"end":{"line":158,"column":50}},"63":{"start":{"line":162,"column":4},"end":{"line":182,"column":5}},"64":{"start":{"line":163,"column":25},"end":{"line":163,"column":82}},"65":{"start":{"line":164,"column":21},"end":{"line":164,"column":54}},"66":{"start":{"line":166,"column":26},"end":{"line":175,"column":7}},"67":{"start":{"line":178,"column":6},"end":{"line":178,"column":85}},"68":{"start":{"line":181,"column":6},"end":{"line":181,"column":61}},"69":{"start":{"line":186,"column":23},"end":{"line":198,"column":3}},"70":{"start":{"line":187,"column":4},"end":{"line":187,"column":45}},"71":{"start":{"line":187,"column":38},"end":{"line":187,"column":45}},"72":{"start":{"line":189,"column":4},"end":{"line":189,"column":18}},"73":{"start":{"line":190,"column":4},"end":{"line":190,"column":24}},"74":{"start":{"line":191,"column":4},"end":{"line":191,"column":32}},"75":{"start":{"line":192,"column":4},"end":{"line":192,"column":72}},"76":{"start":{"line":192,"column":24},"end":{"line":192,"column":69}},"77":{"start":{"line":195,"column":4},"end":{"line":197,"column":12}},"78":{"start":{"line":196,"column":6},"end":{"line":196,"column":21}},"79":{"start":{"line":200,"column":23},"end":{"line":208,"column":3}},"80":{"start":{"line":201,"column":4},"end":{"line":207,"column":5}},"81":{"start":{"line":202,"column":6},"end":{"line":202,"column":48}},"82":{"start":{"line":202,"column":38},"end":{"line":202,"column":46}},"83":{"start":{"line":203,"column":6},"end":{"line":203,"column":30}},"84":{"start":{"line":204,"column":6},"end":{"line":204,"column":27}},"85":{"start":{"line":206,"column":6},"end":{"line":206,"column":19}},"86":{"start":{"line":210,"column":21},"end":{"line":214,"column":3}},"87":{"start":{"line":211,"column":17},"end":{"line":211,"column":41}},"88":{"start":{"line":212,"column":17},"end":{"line":212,"column":29}},"89":{"start":{"line":213,"column":4},"end":{"line":213,"column":57}},"90":{"start":{"line":216,"column":26},"end":{"line":216,"column":57}},"91":{"start":{"line":217,"column":19},"end":{"line":217,"column":99}},"92":{"start":{"line":219,"column":2},"end":{"line":221,"column":3}},"93":{"start":{"line":220,"column":4},"end":{"line":220,"column":16}},"94":{"start":{"line":225,"column":2},"end":{"line":282,"column":3}},"95":{"start":{"line":226,"column":23},"end":{"line":226,"column":90}},"96":{"start":{"line":228,"column":4},"end":{"line":281,"column":6}},"97":{"start":{"line":233,"column":56},"end":{"line":233,"column":78}},"98":{"start":{"line":285,"column":2},"end":{"line":346,"column":4}},"99":{"start":{"line":304,"column":67},"end":{"line":304,"column":89}},"100":{"start":{"line":309,"column":31},"end":{"line":309,"column":51}},"101":{"start":{"line":326,"column":33},"end":{"line":326,"column":61}},"102":{"start":{"line":328,"column":14},"end":{"line":340,"column":16}},"103":{"start":{"line":332,"column":33},"end":{"line":332,"column":56}}},"fnMap":{"0":{"name":"(anonymous_0)","decl":{"start":{"line":26,"column":34},"end":{"line":26,"column":35}},"loc":{"start":{"line":26,"column":40},"end":{"line":347,"column":1}},"line":26},"1":{"name":"(anonymous_1)","decl":{"start":{"line":49,"column":12},"end":{"line":49,"column":13}},"loc":{"start":{"line":49,"column":18},"end":{"line":54,"column":3}},"line":49},"2":{"name":"(anonymous_2)","decl":{"start":{"line":51,"column":11},"end":{"line":51,"column":12}},"loc":{"start":{"line":51,"column":17},"end":{"line":53,"column":5}},"line":51},"3":{"name":"(anonymous_3)","decl":{"start":{"line":57,"column":12},"end":{"line":57,"column":13}},"loc":{"start":{"line":57,"column":18},"end":{"line":73,"column":3}},"line":57},"4":{"name":"(anonymous_4)","decl":{"start":{"line":76,"column":30},"end":{"line":76,"column":31}},"loc":{"start":{"line":76,"column":101},"end":{"line":128,"column":3}},"line":76},"5":{"name":"(anonymous_5)","decl":{"start":{"line":111,"column":65},"end":{"line":111,"column":66}},"loc":{"start":{"line":111,"column":71},"end":{"line":111,"column":90}},"line":111},"6":{"name":"(anonymous_6)","decl":{"start":{"line":112,"column":68},"end":{"line":112,"column":69}},"loc":{"start":{"line":112,"column":74},"end":{"line":112,"column":93}},"line":112},"7":{"name":"(anonymous_7)","decl":{"start":{"line":113,"column":64},"end":{"line":113,"column":65}},"loc":{"start":{"line":113,"column":70},"end":{"line":113,"column":89}},"line":113},"8":{"name":"(anonymous_8)","decl":{"start":{"line":125,"column":11},"end":{"line":125,"column":12}},"loc":{"start":{"line":125,"column":17},"end":{"line":125,"column":36}},"line":125},"9":{"name":"(anonymous_9)","decl":{"start":{"line":131,"column":12},"end":{"line":131,"column":13}},"loc":{"start":{"line":131,"column":18},"end":{"line":146,"column":3}},"line":131},"10":{"name":"(anonymous_10)","decl":{"start":{"line":134,"column":30},"end":{"line":134,"column":31}},"loc":{"start":{"line":134,"column":36},"end":{"line":142,"column":5}},"line":134},"11":{"name":"(anonymous_11)","decl":{"start":{"line":135,"column":18},"end":{"line":135,"column":19}},"loc":{"start":{"line":135,"column":26},"end":{"line":141,"column":7}},"line":135},"12":{"name":"(anonymous_12)","decl":{"start":{"line":144,"column":11},"end":{"line":144,"column":12}},"loc":{"start":{"line":144,"column":17},"end":{"line":144,"column":37}},"line":144},"13":{"name":"(anonymous_13)","decl":{"start":{"line":148,"column":20},"end":{"line":148,"column":21}},"loc":{"start":{"line":148,"column":26},"end":{"line":150,"column":3}},"line":148},"14":{"name":"(anonymous_14)","decl":{"start":{"line":152,"column":21},"end":{"line":152,"column":22}},"loc":{"start":{"line":152,"column":27},"end":{"line":183,"column":3}},"line":152},"15":{"name":"(anonymous_15)","decl":{"start":{"line":157,"column":57},"end":{"line":157,"column":58}},"loc":{"start":{"line":158,"column":6},"end":{"line":158,"column":50}},"line":158},"16":{"name":"(anonymous_16)","decl":{"start":{"line":186,"column":23},"end":{"line":186,"column":24}},"loc":{"start":{"line":186,"column":45},"end":{"line":198,"column":3}},"line":186},"17":{"name":"(anonymous_17)","decl":{"start":{"line":192,"column":15},"end":{"line":192,"column":16}},"loc":{"start":{"line":192,"column":24},"end":{"line":192,"column":69}},"line":192},"18":{"name":"(anonymous_18)","decl":{"start":{"line":195,"column":15},"end":{"line":195,"column":16}},"loc":{"start":{"line":195,"column":21},"end":{"line":197,"column":5}},"line":195},"19":{"name":"(anonymous_19)","decl":{"start":{"line":200,"column":23},"end":{"line":200,"column":24}},"loc":{"start":{"line":200,"column":29},"end":{"line":208,"column":3}},"line":200},"20":{"name":"(anonymous_20)","decl":{"start":{"line":202,"column":30},"end":{"line":202,"column":31}},"loc":{"start":{"line":202,"column":38},"end":{"line":202,"column":46}},"line":202},"21":{"name":"(anonymous_21)","decl":{"start":{"line":210,"column":21},"end":{"line":210,"column":22}},"loc":{"start":{"line":210,"column":42},"end":{"line":214,"column":3}},"line":210},"22":{"name":"(anonymous_22)","decl":{"start":{"line":233,"column":50},"end":{"line":233,"column":51}},"loc":{"start":{"line":233,"column":56},"end":{"line":233,"column":78}},"line":233},"23":{"name":"(anonymous_23)","decl":{"start":{"line":304,"column":61},"end":{"line":304,"column":62}},"loc":{"start":{"line":304,"column":67},"end":{"line":304,"column":89}},"line":304},"24":{"name":"(anonymous_24)","decl":{"start":{"line":309,"column":25},"end":{"line":309,"column":26}},"loc":{"start":{"line":309,"column":31},"end":{"line":309,"column":51}},"line":309},"25":{"name":"(anonymous_25)","decl":{"start":{"line":325,"column":41},"end":{"line":325,"column":42}},"loc":{"start":{"line":325,"column":60},"end":{"line":341,"column":13}},"line":325},"26":{"name":"(anonymous_26)","decl":{"start":{"line":332,"column":27},"end":{"line":332,"column":28}},"loc":{"start":{"line":332,"column":33},"end":{"line":332,"column":56}},"line":332}},"branchMap":{"0":{"loc":{"start":{"line":58,"column":4},"end":{"line":58,"column":24}},"type":"if","locations":[{"start":{"line":58,"column":4},"end":{"line":58,"column":24}},{"start":{},"end":{}}],"line":58},"1":{"loc":{"start":{"line":61,"column":4},"end":{"line":64,"column":5}},"type":"if","locations":[{"start":{"line":61,"column":4},"end":{"line":64,"column":5}},{"start":{},"end":{}}],"line":61},"2":{"loc":{"start":{"line":132,"column":4},"end":{"line":132,"column":62}},"type":"if","locations":[{"start":{"line":132,"column":4},"end":{"line":132,"column":62}},{"start":{},"end":{}}],"line":132},"3":{"loc":{"start":{"line":132,"column":8},"end":{"line":132,"column":53}},"type":"binary-expr","locations":[{"start":{"line":132,"column":8},"end":{"line":132,"column":22}},{"start":{"line":132,"column":26},"end":{"line":132,"column":36}},{"start":{"line":132,"column":40},"end":{"line":132,"column":53}}],"line":132},"4":{"loc":{"start":{"line":136,"column":8},"end":{"line":139,"column":9}},"type":"if","locations":[{"start":{"line":136,"column":8},"end":{"line":139,"column":9}},{"start":{},"end":{}}],"line":136},"5":{"loc":{"start":{"line":162,"column":4},"end":{"line":182,"column":5}},"type":"if","locations":[{"start":{"line":162,"column":4},"end":{"line":182,"column":5}},{"start":{},"end":{}}],"line":162},"6":{"loc":{"start":{"line":162,"column":8},"end":{"line":162,"column":28}},"type":"binary-expr","locations":[{"start":{"line":162,"column":8},"end":{"line":162,"column":18}},{"start":{"line":162,"column":22},"end":{"line":162,"column":28}}],"line":162},"7":{"loc":{"start":{"line":187,"column":4},"end":{"line":187,"column":45}},"type":"if","locations":[{"start":{"line":187,"column":4},"end":{"line":187,"column":45}},{"start":{},"end":{}}],"line":187},"8":{"loc":{"start":{"line":187,"column":8},"end":{"line":187,"column":36}},"type":"binary-expr","locations":[{"start":{"line":187,"column":8},"end":{"line":187,"column":18}},{"start":{"line":187,"column":22},"end":{"line":187,"column":36}}],"line":187},"9":{"loc":{"start":{"line":201,"column":4},"end":{"line":207,"column":5}},"type":"if","locations":[{"start":{"line":201,"column":4},"end":{"line":207,"column":5}},{"start":{"line":205,"column":11},"end":{"line":207,"column":5}}],"line":201},"10":{"loc":{"start":{"line":217,"column":19},"end":{"line":217,"column":99}},"type":"cond-expr","locations":[{"start":{"line":217,"column":42},"end":{"line":217,"column":95}},{"start":{"line":217,"column":98},"end":{"line":217,"column":99}}],"line":217},"11":{"loc":{"start":{"line":219,"column":2},"end":{"line":221,"column":3}},"type":"if","locations":[{"start":{"line":219,"column":2},"end":{"line":221,"column":3}},{"start":{},"end":{}}],"line":219},"12":{"loc":{"start":{"line":219,"column":6},"end":{"line":219,"column":43}},"type":"binary-expr","locations":[{"start":{"line":219,"column":6},"end":{"line":219,"column":17}},{"start":{"line":219,"column":21},"end":{"line":219,"column":43}}],"line":219},"13":{"loc":{"start":{"line":225,"column":2},"end":{"line":282,"column":3}},"type":"if","locations":[{"start":{"line":225,"column":2},"end":{"line":282,"column":3}},{"start":{},"end":{}}],"line":225},"14":{"loc":{"start":{"line":226,"column":23},"end":{"line":226,"column":90}},"type":"cond-expr","locations":[{"start":{"line":226,"column":47},"end":{"line":226,"column":50}},{"start":{"line":226,"column":53},"end":{"line":226,"column":90}}],"line":226},"15":{"loc":{"start":{"line":226,"column":53},"end":{"line":226,"column":90}},"type":"cond-expr","locations":[{"start":{"line":226,"column":81},"end":{"line":226,"column":84}},{"start":{"line":226,"column":87},"end":{"line":226,"column":90}}],"line":226},"16":{"loc":{"start":{"line":299,"column":59},"end":{"line":299,"column":97}},"type":"cond-expr","locations":[{"start":{"line":299,"column":76},"end":{"line":299,"column":85}},{"start":{"line":299,"column":88},"end":{"line":299,"column":97}}],"line":299},"17":{"loc":{"start":{"line":308,"column":48},"end":{"line":308,"column":70}},"type":"cond-expr","locations":[{"start":{"line":308,"column":58},"end":{"line":308,"column":65}},{"start":{"line":308,"column":68},"end":{"line":308,"column":70}}],"line":308},"18":{"loc":{"start":{"line":311,"column":17},"end":{"line":311,"column":38}},"type":"cond-expr","locations":[{"start":{"line":311,"column":27},"end":{"line":311,"column":31}},{"start":{"line":311,"column":34},"end":{"line":311,"column":38}}],"line":311},"19":{"loc":{"start":{"line":318,"column":11},"end":{"line":322,"column":11}},"type":"binary-expr","locations":[{"start":{"line":318,"column":11},"end":{"line":318,"column":35}},{"start":{"line":319,"column":12},"end":{"line":321,"column":18}}],"line":318},"20":{"loc":{"start":{"line":331,"column":52},"end":{"line":331,"column":80}},"type":"cond-expr","locations":[{"start":{"line":331,"column":65},"end":{"line":331,"column":75}},{"start":{"line":331,"column":78},"end":{"line":331,"column":80}}],"line":331}},"s":{"0":0,"1":0,"2":0,"3":0,"4":0,"5":0,"6":0,"7":0,"8":0,"9":0,"10":0,"11":0,"12":0,"13":0,"14":0,"15":0,"16":0,"17":0,"18":0,"19":0,"20":0,"21":0,"22":0,"23":0,"24":0,"25":0,"26":0,"27":0,"28":0,"29":0,"30":0,"31":0,"32":0,"33":0,"34":0,"35":0,"36":0,"37":0,"38":0,"39":0,"40":0,"41":0,"42":0,"43":0,"44":0,"45":0,"46":0,"47":0,"48":0,"49":0,"50":0,"51":0,"52":0,"53":0,"54":0,"55":0,"56":0,"57":0,"58":0,"59":0,"60":0,"61":0,"62":0,"63":0,"64":0,"65":0,"66":0,"67":0,"68":0,"69":0,"70":0,"71":0,"72":0,"73":0,"74":0,"75":0,"76":0,"77":0,"78":0,"79":0,"80":0,"81":0,"82":0,"83":0,"84":0,"85":0,"86":0,"87":0,"88":0,"89":0,"90":0,"91":0,"92":0,"93":0,"94":0,"95":0,"96":0,"97":0,"98":0,"99":0,"100":0,"101":0,"102":0,"103":0},"f":{"0":0,"1":0,"2":0,"3":0,"4":0,"5":0,"6":0,"7":0,"8":0,"9":0,"10":0,"11":0,"12":0,"13":0,"14":0,"15":0,"16":0,"17":0,"18":0,"19":0,"20":0,"21":0,"22":0,"23":0,"24":0,"25":0,"26":0},"b":{"0":[0,0],"1":[0,0],"2":[0,0],"3":[0,0,0],"4":[0,0],"5":[0,0],"6":[0,0],"7":[0,0],"8":[0,0],"9":[0,0],"10":[0,0],"11":[0,0],"12":[0,0],"13":[0,0],"14":[0,0],"15":[0,0],"16":[0,0],"17":[0,0],"18":[0,0],"19":[0,0],"20":[0,0]}}
,"/Users/Other/cbr-ai-coach/src/components/MockExamResults.tsx": {"path":"/Users/Other/cbr-ai-coach/src/components/MockExamResults.tsx","statementMap":{"0":{"start":{"line":16,"column":41},"end":{"line":78,"column":1}},"1":{"start":{"line":17,"column":19},"end":{"line":17,"column":32}},"2":{"start":{"line":18,"column":19},"end":{"line":18,"column":32}},"3":{"start":{"line":19,"column":22},"end":{"line":19,"column":51}},"4":{"start":{"line":21,"column":2},"end":{"line":24,"column":3}},"5":{"start":{"line":22,"column":4},"end":{"line":22,"column":27}},"6":{"start":{"line":23,"column":4},"end":{"line":23,"column":16}},"7":{"start":{"line":26,"column":29},"end":{"line":28,"column":3}},"8":{"start":{"line":27,"column":4},"end":{"line":27,"column":68}},"9":{"start":{"line":30,"column":2},"end":{"line":77,"column":4}},"10":{"start":{"line":56,"column":31},"end":{"line":56,"column":75}},"11":{"start":{"line":62,"column":31},"end":{"line":62,"column":53}},"12":{"start":{"line":68,"column":31},"end":{"line":68,"column":44}}},"fnMap":{"0":{"name":"(anonymous_0)","decl":{"start":{"line":16,"column":41},"end":{"line":16,"column":42}},"loc":{"start":{"line":16,"column":47},"end":{"line":78,"column":1}},"line":16},"1":{"name":"(anonymous_1)","decl":{"start":{"line":26,"column":29},"end":{"line":26,"column":30}},"loc":{"start":{"line":26,"column":53},"end":{"line":28,"column":3}},"line":26},"2":{"name":"(anonymous_2)","decl":{"start":{"line":56,"column":25},"end":{"line":56,"column":26}},"loc":{"start":{"line":56,"column":31},"end":{"line":56,"column":75}},"line":56},"3":{"name":"(anonymous_3)","decl":{"start":{"line":62,"column":25},"end":{"line":62,"column":26}},"loc":{"start":{"line":62,"column":31},"end":{"line":62,"column":53}},"line":62},"4":{"name":"(anonymous_4)","decl":{"start":{"line":68,"column":25},"end":{"line":68,"column":26}},"loc":{"start":{"line":68,"column":31},"end":{"line":68,"column":44}},"line":68}},"branchMap":{"0":{"loc":{"start":{"line":21,"column":2},"end":{"line":24,"column":3}},"type":"if","locations":[{"start":{"line":21,"column":2},"end":{"line":24,"column":3}},{"start":{},"end":{}}],"line":21},"1":{"loc":{"start":{"line":49,"column":46},"end":{"line":49,"column":91}},"type":"cond-expr","locations":[{"start":{"line":49,"column":67},"end":{"line":49,"column":78}},{"start":{"line":49,"column":81},"end":{"line":49,"column":91}}],"line":49},"2":{"loc":{"start":{"line":50,"column":15},"end":{"line":50,"column":74}},"type":"cond-expr","locations":[{"start":{"line":50,"column":36},"end":{"line":50,"column":53}},{"start":{"line":50,"column":56},"end":{"line":50,"column":74}}],"line":50}},"s":{"0":0,"1":0,"2":0,"3":0,"4":0,"5":0,"6":0,"7":0,"8":0,"9":0,"10":0,"11":0,"12":0},"f":{"0":0,"1":0,"2":0,"3":0,"4":0},"b":{"0":[0,0],"1":[0,0],"2":[0,0]}}
,"/Users/Other/cbr-ai-coach/src/components/MockExamSelection.tsx": {"path":"/Users/Other/cbr-ai-coach/src/components/MockExamSelection.tsx","statementMap":{"0":{"start":{"line":6,"column":43},"end":{"line":107,"column":1}},"1":{"start":{"line":7,"column":19},"end":{"line":7,"column":32}},"2":{"start":{"line":8,"column":42},"end":{"line":8,"column":75}},"3":{"start":{"line":10,"column":20},"end":{"line":38,"column":3}},"4":{"start":{"line":40,"column":2},"end":{"line":51,"column":9}},"5":{"start":{"line":42,"column":40},"end":{"line":42,"column":42}},"6":{"start":{"line":43,"column":4},"end":{"line":48,"column":7}},"7":{"start":{"line":44,"column":21},"end":{"line":44,"column":71}},"8":{"start":{"line":45,"column":6},"end":{"line":47,"column":7}},"9":{"start":{"line":46,"column":8},"end":{"line":46,"column":45}},"10":{"start":{"line":49,"column":4},"end":{"line":49,"column":28}},"11":{"start":{"line":53,"column":26},"end":{"line":55,"column":3}},"12":{"start":{"line":54,"column":4},"end":{"line":54,"column":37}},"13":{"start":{"line":57,"column":2},"end":{"line":106,"column":4}},"14":{"start":{"line":73,"column":36},"end":{"line":73,"column":57}},"15":{"start":{"line":75,"column":16},"end":{"line":99,"column":18}},"16":{"start":{"line":79,"column":35},"end":{"line":79,"column":59}}},"fnMap":{"0":{"name":"(anonymous_0)","decl":{"start":{"line":6,"column":43},"end":{"line":6,"column":44}},"loc":{"start":{"line":6,"column":49},"end":{"line":107,"column":1}},"line":6},"1":{"name":"(anonymous_1)","decl":{"start":{"line":40,"column":12},"end":{"line":40,"column":13}},"loc":{"start":{"line":40,"column":18},"end":{"line":51,"column":3}},"line":40},"2":{"name":"(anonymous_2)","decl":{"start":{"line":43,"column":22},"end":{"line":43,"column":23}},"loc":{"start":{"line":43,"column":30},"end":{"line":48,"column":5}},"line":43},"3":{"name":"(anonymous_3)","decl":{"start":{"line":53,"column":26},"end":{"line":53,"column":27}},"loc":{"start":{"line":53,"column":46},"end":{"line":55,"column":3}},"line":53},"4":{"name":"(anonymous_4)","decl":{"start":{"line":72,"column":29},"end":{"line":72,"column":30}},"loc":{"start":{"line":72,"column":39},"end":{"line":100,"column":15}},"line":72},"5":{"name":"(anonymous_5)","decl":{"start":{"line":79,"column":29},"end":{"line":79,"column":30}},"loc":{"start":{"line":79,"column":35},"end":{"line":79,"column":59}},"line":79}},"branchMap":{"0":{"loc":{"start":{"line":45,"column":6},"end":{"line":47,"column":7}},"type":"if","locations":[{"start":{"line":45,"column":6},"end":{"line":47,"column":7}},{"start":{},"end":{}}],"line":45},"1":{"loc":{"start":{"line":84,"column":23},"end":{"line":88,"column":23}},"type":"binary-expr","locations":[{"start":{"line":84,"column":23},"end":{"line":84,"column":34}},{"start":{"line":85,"column":24},"end":{"line":87,"column":30}}],"line":84},"2":{"loc":{"start":{"line":85,"column":56},"end":{"line":85,"column":96}},"type":"cond-expr","locations":[{"start":{"line":85,"column":77},"end":{"line":85,"column":85}},{"start":{"line":85,"column":88},"end":{"line":85,"column":96}}],"line":85}},"s":{"0":0,"1":0,"2":0,"3":0,"4":0,"5":0,"6":0,"7":0,"8":0,"9":0,"10":0,"11":0,"12":0,"13":0,"14":0,"15":0,"16":0},"f":{"0":0,"1":0,"2":0,"3":0,"4":0,"5":0},"b":{"0":[0,0],"1":[0,0],"2":[0,0]}}
,"/Users/Other/cbr-ai-coach/src/components/Navigation.tsx": {"path":"/Users/Other/cbr-ai-coach/src/components/Navigation.tsx","statementMap":{"0":{"start":{"line":5,"column":36},"end":{"line":110,"column":1}},"1":{"start":{"line":6,"column":19},"end":{"line":6,"column":32}},"2":{"start":{"line":7,"column":19},"end":{"line":7,"column":32}},"3":{"start":{"line":8,"column":50},"end":{"line":8,"column":65}},"4":{"start":{"line":10,"column":19},"end":{"line":39,"column":3}},"5":{"start":{"line":41,"column":25},"end":{"line":44,"column":3}},"6":{"start":{"line":42,"column":4},"end":{"line":42,"column":19}},"7":{"start":{"line":43,"column":4},"end":{"line":43,"column":31}},"8":{"start":{"line":46,"column":19},"end":{"line":51,"column":3}},"9":{"start":{"line":47,"column":4},"end":{"line":49,"column":5}},"10":{"start":{"line":48,"column":6},"end":{"line":48,"column":39}},"11":{"start":{"line":50,"column":4},"end":{"line":50,"column":46}},"12":{"start":{"line":53,"column":2},"end":{"line":109,"column":4}},"13":{"start":{"line":59,"column":25},"end":{"line":59,"column":51}},"14":{"start":{"line":67,"column":12},"end":{"line":74,"column":21}},"15":{"start":{"line":70,"column":29},"end":{"line":70,"column":54}},"16":{"start":{"line":90,"column":23},"end":{"line":90,"column":61}},"17":{"start":{"line":98,"column":10},"end":{"line":105,"column":19}},"18":{"start":{"line":101,"column":27},"end":{"line":101,"column":52}}},"fnMap":{"0":{"name":"(anonymous_0)","decl":{"start":{"line":5,"column":36},"end":{"line":5,"column":37}},"loc":{"start":{"line":5,"column":42},"end":{"line":110,"column":1}},"line":5},"1":{"name":"(anonymous_1)","decl":{"start":{"line":41,"column":25},"end":{"line":41,"column":26}},"loc":{"start":{"line":41,"column":43},"end":{"line":44,"column":3}},"line":41},"2":{"name":"(anonymous_2)","decl":{"start":{"line":46,"column":19},"end":{"line":46,"column":20}},"loc":{"start":{"line":46,"column":37},"end":{"line":51,"column":3}},"line":46},"3":{"name":"(anonymous_3)","decl":{"start":{"line":59,"column":19},"end":{"line":59,"column":20}},"loc":{"start":{"line":59,"column":25},"end":{"line":59,"column":51}},"line":59},"4":{"name":"(anonymous_4)","decl":{"start":{"line":66,"column":24},"end":{"line":66,"column":25}},"loc":{"start":{"line":67,"column":12},"end":{"line":74,"column":21}},"line":67},"5":{"name":"(anonymous_5)","decl":{"start":{"line":70,"column":23},"end":{"line":70,"column":24}},"loc":{"start":{"line":70,"column":29},"end":{"line":70,"column":54}},"line":70},"6":{"name":"(anonymous_6)","decl":{"start":{"line":90,"column":17},"end":{"line":90,"column":18}},"loc":{"start":{"line":90,"column":23},"end":{"line":90,"column":61}},"line":90},"7":{"name":"(anonymous_7)","decl":{"start":{"line":97,"column":22},"end":{"line":97,"column":23}},"loc":{"start":{"line":98,"column":10},"end":{"line":105,"column":19}},"line":98},"8":{"name":"(anonymous_8)","decl":{"start":{"line":101,"column":21},"end":{"line":101,"column":22}},"loc":{"start":{"line":101,"column":27},"end":{"line":101,"column":52}},"line":101}},"branchMap":{"0":{"loc":{"start":{"line":47,"column":4},"end":{"line":49,"column":5}},"type":"if","locations":[{"start":{"line":47,"column":4},"end":{"line":49,"column":5}},{"start":{},"end":{}}],"line":47},"1":{"loc":{"start":{"line":56,"column":7},"end":{"line":61,"column":7}},"type":"binary-expr","locations":[{"start":{"line":56,"column":7},"end":{"line":56,"column":23}},{"start":{"line":57,"column":8},"end":{"line":60,"column":10}}],"line":56},"2":{"loc":{"start":{"line":64,"column":33},"end":{"line":64,"column":70}},"type":"cond-expr","locations":[{"start":{"line":64,"column":52},"end":{"line":64,"column":65}},{"start":{"line":64,"column":68},"end":{"line":64,"column":70}}],"line":64},"3":{"loc":{"start":{"line":69,"column":36},"end":{"line":69,"column":71}},"type":"cond-expr","locations":[{"start":{"line":69,"column":58},"end":{"line":69,"column":66}},{"start":{"line":69,"column":69},"end":{"line":69,"column":71}}],"line":69},"4":{"loc":{"start":{"line":100,"column":37},"end":{"line":100,"column":72}},"type":"cond-expr","locations":[{"start":{"line":100,"column":59},"end":{"line":100,"column":67}},{"start":{"line":100,"column":70},"end":{"line":100,"column":72}}],"line":100}},"s":{"0":0,"1":0,"2":0,"3":0,"4":0,"5":0,"6":0,"7":0,"8":0,"9":0,"10":0,"11":0,"12":0,"13":0,"14":0,"15":0,"16":0,"17":0,"18":0},"f":{"0":0,"1":0,"2":0,"3":0,"4":0,"5":0,"6":0,"7":0,"8":0},"b":{"0":[0,0],"1":[0,0],"2":[0,0],"3":[0,0],"4":[0,0]}}
,"/Users/Other/cbr-ai-coach/src/components/OfflineIndicator.tsx": {"path":"/Users/Other/cbr-ai-coach/src/components/OfflineIndicator.tsx","statementMap":{"0":{"start":{"line":4,"column":42},"end":{"line":59,"column":1}},"1":{"start":{"line":5,"column":34},"end":{"line":5,"column":60}},"2":{"start":{"line":6,"column":44},"end":{"line":6,"column":59}},"3":{"start":{"line":8,"column":2},"end":{"line":36,"column":9}},"4":{"start":{"line":9,"column":25},"end":{"line":17,"column":5}},"5":{"start":{"line":10,"column":6},"end":{"line":10,"column":24}},"6":{"start":{"line":11,"column":6},"end":{"line":11,"column":29}},"7":{"start":{"line":14,"column":6},"end":{"line":16,"column":15}},"8":{"start":{"line":15,"column":8},"end":{"line":15,"column":32}},"9":{"start":{"line":19,"column":26},"end":{"line":22,"column":5}},"10":{"start":{"line":20,"column":6},"end":{"line":20,"column":25}},"11":{"start":{"line":21,"column":6},"end":{"line":21,"column":29}},"12":{"start":{"line":24,"column":4},"end":{"line":24,"column":52}},"13":{"start":{"line":25,"column":4},"end":{"line":25,"column":54}},"14":{"start":{"line":28,"column":4},"end":{"line":30,"column":5}},"15":{"start":{"line":29,"column":6},"end":{"line":29,"column":29}},"16":{"start":{"line":32,"column":4},"end":{"line":35,"column":6}},"17":{"start":{"line":33,"column":6},"end":{"line":33,"column":57}},"18":{"start":{"line":34,"column":6},"end":{"line":34,"column":59}},"19":{"start":{"line":38,"column":2},"end":{"line":40,"column":3}},"20":{"start":{"line":39,"column":4},"end":{"line":39,"column":16}},"21":{"start":{"line":42,"column":2},"end":{"line":58,"column":4}}},"fnMap":{"0":{"name":"(anonymous_0)","decl":{"start":{"line":4,"column":42},"end":{"line":4,"column":43}},"loc":{"start":{"line":4,"column":48},"end":{"line":59,"column":1}},"line":4},"1":{"name":"(anonymous_1)","decl":{"start":{"line":8,"column":12},"end":{"line":8,"column":13}},"loc":{"start":{"line":8,"column":18},"end":{"line":36,"column":3}},"line":8},"2":{"name":"(anonymous_2)","decl":{"start":{"line":9,"column":25},"end":{"line":9,"column":26}},"loc":{"start":{"line":9,"column":31},"end":{"line":17,"column":5}},"line":9},"3":{"name":"(anonymous_3)","decl":{"start":{"line":14,"column":17},"end":{"line":14,"column":18}},"loc":{"start":{"line":14,"column":23},"end":{"line":16,"column":7}},"line":14},"4":{"name":"(anonymous_4)","decl":{"start":{"line":19,"column":26},"end":{"line":19,"column":27}},"loc":{"start":{"line":19,"column":32},"end":{"line":22,"column":5}},"line":19},"5":{"name":"(anonymous_5)","decl":{"start":{"line":32,"column":11},"end":{"line":32,"column":12}},"loc":{"start":{"line":32,"column":17},"end":{"line":35,"column":5}},"line":32}},"branchMap":{"0":{"loc":{"start":{"line":28,"column":4},"end":{"line":30,"column":5}},"type":"if","locations":[{"start":{"line":28,"column":4},"end":{"line":30,"column":5}},{"start":{},"end":{}}],"line":28},"1":{"loc":{"start":{"line":38,"column":2},"end":{"line":40,"column":3}},"type":"if","locations":[{"start":{"line":38,"column":2},"end":{"line":40,"column":3}},{"start":{},"end":{}}],"line":38},"2":{"loc":{"start":{"line":43,"column":41},"end":{"line":43,"column":72}},"type":"cond-expr","locations":[{"start":{"line":43,"column":52},"end":{"line":43,"column":60}},{"start":{"line":43,"column":63},"end":{"line":43,"column":72}}],"line":43},"3":{"loc":{"start":{"line":46,"column":11},"end":{"line":46,"column":32}},"type":"cond-expr","locations":[{"start":{"line":46,"column":22},"end":{"line":46,"column":25}},{"start":{"line":46,"column":28},"end":{"line":46,"column":32}}],"line":46},"4":{"loc":{"start":{"line":49,"column":19},"end":{"line":49,"column":70}},"type":"cond-expr","locations":[{"start":{"line":49,"column":30},"end":{"line":49,"column":43}},{"start":{"line":49,"column":46},"end":{"line":49,"column":70}}],"line":49},"5":{"loc":{"start":{"line":51,"column":13},"end":{"line":53,"column":48}},"type":"cond-expr","locations":[{"start":{"line":52,"column":16},"end":{"line":52,"column":46}},{"start":{"line":53,"column":16},"end":{"line":53,"column":48}}],"line":51}},"s":{"0":0,"1":0,"2":0,"3":0,"4":0,"5":0,"6":0,"7":0,"8":0,"9":0,"10":0,"11":0,"12":0,"13":0,"14":0,"15":0,"16":0,"17":0,"18":0,"19":0,"20":0,"21":0},"f":{"0":0,"1":0,"2":0,"3":0,"4":0,"5":0},"b":{"0":[0,0],"1":[0,0],"2":[0,0],"3":[0,0],"4":[0,0],"5":[0,0]}}
,"/Users/Other/cbr-ai-coach/src/components/PracticeTest.tsx": {"path":"/Users/Other/cbr-ai-coach/src/components/PracticeTest.tsx","statementMap":{"0":{"start":{"line":21,"column":38},"end":{"line":427,"column":1}},"1":{"start":{"line":22,"column":21},"end":{"line":22,"column":52}},"2":{"start":{"line":23,"column":19},"end":{"line":23,"column":32}},"3":{"start":{"line":24,"column":36},"end":{"line":24,"column":60}},"4":{"start":{"line":25,"column":58},"end":{"line":25,"column":69}},"5":{"start":{"line":26,"column":46},"end":{"line":26,"column":75}},"6":{"start":{"line":27,"column":38},"end":{"line":27,"column":53}},"7":{"start":{"line":28,"column":48},"end":{"line":28,"column":63}},"8":{"start":{"line":29,"column":28},"end":{"line":29,"column":39}},"9":{"start":{"line":30,"column":42},"end":{"line":30,"column":57}},"10":{"start":{"line":31,"column":32},"end":{"line":31,"column":47}},"11":{"start":{"line":34,"column":2},"end":{"line":39,"column":9}},"12":{"start":{"line":35,"column":4},"end":{"line":35,"column":56}},"13":{"start":{"line":36,"column":4},"end":{"line":38,"column":6}},"14":{"start":{"line":37,"column":6},"end":{"line":37,"column":61}},"15":{"start":{"line":41,"column":2},"end":{"line":114,"column":15}},"16":{"start":{"line":42,"column":26},"end":{"line":112,"column":5}},"17":{"start":{"line":43,"column":34},"end":{"line":43,"column":36}},"18":{"start":{"line":44,"column":6},"end":{"line":110,"column":7}},"19":{"start":{"line":46,"column":10},"end":{"line":46,"column":65}},"20":{"start":{"line":47,"column":10},"end":{"line":47,"column":16}},"21":{"start":{"line":49,"column":10},"end":{"line":49,"column":58}},"22":{"start":{"line":50,"column":10},"end":{"line":50,"column":16}},"23":{"start":{"line":52,"column":10},"end":{"line":52,"column":61}},"24":{"start":{"line":53,"column":10},"end":{"line":53,"column":16}},"25":{"start":{"line":55,"column":10},"end":{"line":55,"column":55}},"26":{"start":{"line":56,"column":10},"end":{"line":56,"column":16}},"27":{"start":{"line":58,"column":10},"end":{"line":58,"column":64}},"28":{"start":{"line":59,"column":10},"end":{"line":59,"column":16}},"29":{"start":{"line":61,"column":10},"end":{"line":61,"column":60}},"30":{"start":{"line":62,"column":10},"end":{"line":62,"column":16}},"31":{"start":{"line":64,"column":10},"end":{"line":64,"column":61}},"32":{"start":{"line":65,"column":10},"end":{"line":65,"column":16}},"33":{"start":{"line":67,"column":10},"end":{"line":67,"column":64}},"34":{"start":{"line":68,"column":10},"end":{"line":68,"column":16}},"35":{"start":{"line":70,"column":10},"end":{"line":70,"column":62}},"36":{"start":{"line":71,"column":10},"end":{"line":71,"column":16}},"37":{"start":{"line":73,"column":10},"end":{"line":73,"column":62}},"38":{"start":{"line":74,"column":10},"end":{"line":74,"column":16}},"39":{"start":{"line":76,"column":10},"end":{"line":76,"column":63}},"40":{"start":{"line":77,"column":10},"end":{"line":77,"column":16}},"41":{"start":{"line":79,"column":10},"end":{"line":79,"column":58}},"42":{"start":{"line":80,"column":10},"end":{"line":80,"column":16}},"43":{"start":{"line":82,"column":10},"end":{"line":82,"column":62}},"44":{"start":{"line":83,"column":10},"end":{"line":83,"column":16}},"45":{"start":{"line":85,"column":10},"end":{"line":85,"column":57}},"46":{"start":{"line":86,"column":10},"end":{"line":86,"column":16}},"47":{"start":{"line":88,"column":10},"end":{"line":88,"column":63}},"48":{"start":{"line":89,"column":10},"end":{"line":89,"column":16}},"49":{"start":{"line":91,"column":10},"end":{"line":91,"column":61}},"50":{"start":{"line":92,"column":10},"end":{"line":92,"column":16}},"51":{"start":{"line":94,"column":10},"end":{"line":94,"column":57}},"52":{"start":{"line":95,"column":10},"end":{"line":95,"column":16}},"53":{"start":{"line":97,"column":10},"end":{"line":97,"column":56}},"54":{"start":{"line":98,"column":10},"end":{"line":98,"column":16}},"55":{"start":{"line":100,"column":10},"end":{"line":100,"column":64}},"56":{"start":{"line":101,"column":10},"end":{"line":101,"column":16}},"57":{"start":{"line":103,"column":10},"end":{"line":103,"column":60}},"58":{"start":{"line":104,"column":10},"end":{"line":104,"column":16}},"59":{"start":{"line":106,"column":10},"end":{"line":106,"column":58}},"60":{"start":{"line":107,"column":10},"end":{"line":107,"column":16}},"61":{"start":{"line":109,"column":10},"end":{"line":109,"column":65}},"62":{"start":{"line":111,"column":6},"end":{"line":111,"column":30}},"63":{"start":{"line":113,"column":4},"end":{"line":113,"column":20}},"64":{"start":{"line":116,"column":23},"end":{"line":130,"column":3}},"65":{"start":{"line":117,"column":4},"end":{"line":129,"column":5}},"66":{"start":{"line":118,"column":6},"end":{"line":118,"column":20}},"67":{"start":{"line":119,"column":6},"end":{"line":119,"column":34}},"68":{"start":{"line":120,"column":6},"end":{"line":120,"column":26}},"69":{"start":{"line":121,"column":6},"end":{"line":121,"column":31}},"70":{"start":{"line":123,"column":6},"end":{"line":128,"column":7}},"71":{"start":{"line":124,"column":8},"end":{"line":124,"column":28}},"72":{"start":{"line":125,"column":8},"end":{"line":125,"column":24}},"73":{"start":{"line":127,"column":8},"end":{"line":127,"column":22}},"74":{"start":{"line":132,"column":23},"end":{"line":152,"column":3}},"75":{"start":{"line":133,"column":4},"end":{"line":133,"column":18}},"76":{"start":{"line":134,"column":4},"end":{"line":151,"column":5}},"77":{"start":{"line":135,"column":6},"end":{"line":135,"column":56}},"78":{"start":{"line":136,"column":6},"end":{"line":136,"column":30}},"79":{"start":{"line":137,"column":6},"end":{"line":137,"column":27}},"80":{"start":{"line":138,"column":6},"end":{"line":138,"column":32}},"81":{"start":{"line":141,"column":25},"end":{"line":141,"column":69}},"82":{"start":{"line":142,"column":6},"end":{"line":149,"column":9}},"83":{"start":{"line":150,"column":6},"end":{"line":150,"column":28}},"84":{"start":{"line":154,"column":21},"end":{"line":156,"column":3
[...]
umn":23},"end":{"line":219,"column":43}},"71":{"start":{"line":220,"column":27},"end":{"line":220,"column":54}},"72":{"start":{"line":221,"column":23},"end":{"line":221,"column":49}},"73":{"start":{"line":223,"column":34},"end":{"line":223,"column":36}},"74":{"start":{"line":226,"column":4},"end":{"line":232,"column":7}},"75":{"start":{"line":235,"column":24},"end":{"line":238,"column":6}},"76":{"start":{"line":236,"column":20},"end":{"line":236,"column":38}},"77":{"start":{"line":237,"column":6},"end":{"line":237,"column":100}},"78":{"start":{"line":240,"column":4},"end":{"line":265,"column":5}},"79":{"start":{"line":241,"column":20},"end":{"line":241,"column":43}},"80":{"start":{"line":242,"column":6},"end":{"line":248,"column":9}},"81":{"start":{"line":251,"column":24},"end":{"line":253,"column":70}},"82":{"start":{"line":252,"column":22},"end":{"line":252,"column":50}},"83":{"start":{"line":253,"column":24},"end":{"line":253,"column":69}},"84":{"start":{"line":255,"column":6},"end":{"line":264,"column":7}},"85":{"start":{"line":256,"column":27},"end":{"line":256,"column":39}},"86":{"start":{"line":257,"column":8},"end":{"line":263,"column":11}},"87":{"start":{"line":268,"column":25},"end":{"line":271,"column":6}},"88":{"start":{"line":269,"column":20},"end":{"line":269,"column":38}},"89":{"start":{"line":270,"column":6},"end":{"line":270,"column":42}},"90":{"start":{"line":273,"column":4},"end":{"line":290,"column":5}},"91":{"start":{"line":274,"column":20},"end":{"line":274,"column":44}},"92":{"start":{"line":275,"column":6},"end":{"line":281,"column":9}},"93":{"start":{"line":284,"column":6},"end":{"line":289,"column":9}},"94":{"start":{"line":292,"column":4},"end":{"line":292,"column":32}},"95":{"start":{"line":297,"column":23},"end":{"line":297,"column":43}},"96":{"start":{"line":298,"column":19},"end":{"line":298,"column":64}},"97":{"start":{"line":298,"column":54},"end":{"line":298,"column":63}},"98":{"start":{"line":300,"column":4},"end":{"line":300,"column":38}},"99":{"start":{"line":300,"column":29},"end":{"line":300,"column":38}},"100":{"start":{"line":302,"column":20},"end":{"line":302,"column":69}},"101":{"start":{"line":302,"column":44},"end":{"line":302,"column":49}},"102":{"start":{"line":303,"column":4},"end":{"line":303,"column":31}},"103":{"start":{"line":308,"column":20},"end":{"line":308,"column":41}},"104":{"start":{"line":310,"column":27},"end":{"line":310,"column":90}},"105":{"start":{"line":310,"column":59},"end":{"line":310,"column":86}},"106":{"start":{"line":311,"column":18},"end":{"line":311,"column":37}},"107":{"start":{"line":312,"column":4},"end":{"line":312,"column":40}},"108":{"start":{"line":316,"column":23},"end":{"line":316,"column":43}}},"fnMap":{"0":{"name":"(anonymous_0)","decl":{"start":{"line":61,"column":2},"end":{"line":61,"column":3}},"loc":{"start":{"line":61,"column":43},"end":{"line":71,"column":3}},"line":61},"1":{"name":"(anonymous_1)","decl":{"start":{"line":74,"column":2},"end":{"line":74,"column":3}},"loc":{"start":{"line":74,"column":33},"end":{"line":77,"column":3}},"line":74},"2":{"name":"(anonymous_2)","decl":{"start":{"line":80,"column":2},"end":{"line":80,"column":3}},"loc":{"start":{"line":80,"column":89},"end":{"line":103,"column":3}},"line":80},"3":{"name":"(anonymous_3)","decl":{"start":{"line":84,"column":20},"end":{"line":84,"column":21}},"loc":{"start":{"line":84,"column":30},"end":{"line":89,"column":5}},"line":84},"4":{"name":"(anonymous_4)","decl":{"start":{"line":92,"column":32},"end":{"line":92,"column":33}},"loc":{"start":{"line":92,"column":42},"end":{"line":100,"column":5}},"line":92},"5":{"name":"(anonymous_5)","decl":{"start":{"line":94,"column":44},"end":{"line":94,"column":45}},"loc":{"start":{"line":94,"column":54},"end":{"line":94,"column":59}},"line":94},"6":{"name":"(anonymous_6)","decl":{"start":{"line":106,"column":2},"end":{"line":106,"column":3}},"loc":{"start":{"line":106,"column":36},"end":{"line":110,"column":3}},"line":106},"7":{"name":"(anonymous_7)","decl":{"start":{"line":113,"column":2},"end":{"line":113,"column":3}},"loc":{"start":{"line":113,"column":44},"end":{"line":116,"column":3}},"line":113},"8":{"name":"(anonymous_8)","decl":{"start":{"line":119,"column":2},"end":{"line":119,"column":3}},"loc":{"start":{"line":119,"column":41},"end":{"line":123,"column":3}},"line":119},"9":{"name":"(anonymous_9)","decl":{"start":{"line":126,"column":2},"end":{"line":126,"column":3}},"loc":{"start":{"line":126,"column":45},"end":{"line":215,"column":3}},"line":126},"10":{"name":"(anonymous_10)","decl":{"start":{"line":146,"column":23},"end":{"line":146,"column":24}},"loc":{"start":{"line":146,"column":33},"end":{"line":162,"column":5}},"line":146},"11":{"name":"(anonymous_11)","decl":{"start":{"line":169,"column":19},"end":{"line":169,"column":20}},"loc":{"start":{"line":169,"column":29},"end":{"line":183,"column":5}},"line":169},"12":{"name":"(anonymous_12)","decl":{"start":{"line":218,"column":2},"end":{"line":218,"column":3}},"loc":{"start":{"line":218,"column":31},"end":{"line":293,"column":3}},"line":218},"13":{"name":"(anonymous_13)","decl":{"start":{"line":235,"column":40},"end":{"line":235,"column":41}},"loc":{"start":{"line":235,"column":50},"end":{"line":238,"column":5}},"line":235},"14":{"name":"(anonymous_14)","decl":{"start":{"line":252,"column":16},"end":{"line":252,"column":17}},"loc":{"start":{"line":252,"column":22},"end":{"line":252,"column":50}},"line":252},"15":{"name":"(anonymous_15)","decl":{"start":{"line":253,"column":14},"end":{"line":253,"column":15}},"loc":{"start":{"line":253,"column":24},"end":{"line":253,"column":69}},"line":253},"16":{"name":"(anonymous_16)","decl":{"start":{"line":268,"column":41},"end":{"line":268,"column":42}},"loc":{"start":{"line":268,"column":51},"end":{"line":271,"column":5}},"line":268},"17":{"name":"(anonymous_17)","decl":{"start":{"line":296,"column":2},"end":{"line":296,"column":3}},"loc":{"start":{"line":296,"column":31},"end":{"line":304,"column":3}},"line":296},"18":{"name":"(anonymous_18)","decl":{"start":{"line":298,"column":49},"end":{"line":298,"column":50}},"loc":{"start":{"line":298,"column":54},"end":{"line":298,"column":63}},"line":298},"19":{"name":"(anonymous_19)","decl":{"start":{"line":302,"column":34},"end":{"line":302,"column":35}},"loc":{"start":{"line":302,"column":44},"end":{"line":302,"column":49}},"line":302},"20":{"name":"(anonymous_20)","decl":{"start":{"line":307,"column":2},"end":{"line":307,"column":3}},"loc":{"start":{"line":307,"column":25},"end":{"line":313,"column":3}},"line":307},"21":{"name":"(anonymous_21)","decl":{"start":{"line":310,"column":42},"end":{"line":310,"column":43}},"loc":{"start":{"line":310,"column":59},"end":{"line":310,"column":86}},"line":310}},"branchMap":{"0":{"loc":{"start":{"line":68,"column":4},"end":{"line":70,"column":5}},"type":"if","locations":[{"start":{"line":68,"column":4},"end":{"line":70,"column":5}},{"start":{},"end":{}}],"line":68},"1":{"loc":{"start":{"line":76,"column":11},"end":{"line":76,"column":45}},"type":"cond-expr","locations":[{"start":{"line":76,"column":21},"end":{"line":76,"column":40}},{"start":{"line":76,"column":43},"end":{"line":76,"column":45}}],"line":76},"2":{"loc":{"start":{"line":85,"column":6},"end":{"line":87,"column":7}},"type":"if","locations":[{"start":{"line":85,"column":6},"end":{"line":87,"column":7}},{"start":{},"end":{}}],"line":85},"3":{"loc":{"start":{"line":108,"column":23},"end":{"line":108,"column":43}},"type":"binary-expr","locations":[{"start":{"line":108,"column":23},"end":{"line":108,"column":38}},{"start":{"line":108,"column":42},"end":{"line":108,"column":43}}],"line":108},"4":{"loc":{"start":{"line":115,"column":11},"end":{"line":115,"column":45}},"type":"cond-expr","locations":[{"start":{"line":115,"column":21},"end":{"line":115,"column":40}},{"start":{"line":115,"column":43},"end":{"line":115,"column":45}}],"line":115},"5":{"loc":{"start":{"line":132,"column":4},"end":{"line":141,"column":5}},"type":"if","locations":[{"start":{"line":132,"column":4},"end":{"line":141,"column":5}},{"start":{},"end":{}}],"line":132},"6":{"loc":{"start":{"line":148,"column":6},"end":{"line":161,"column":7}},"type":"if","locations":[{"start":{"line":148,"column":6},"end":{"line":161,"column":7}},{"start":{"line":154,"column":13},"end":{"line":161,"column":7}}],"line":148},"7":{"loc":{"start":{"line":152,"column":23},"end":{"line":152,"column":43}},"type":"binary-expr","locations":[{"start":{"line":152,"column":23},"end":{"line":152,"column":38}},{"start":{"line":152,"column":42},"end":{"line":152,"column":43}}],"line":152},"8":{"loc":{"start":{"line":159,"column":23},"end":{"line":159,"column":43}},"type":"binary-expr","locations":[{"start":{"line":159,"column":23},"end":{"line":159,"column":38}},{"start":{"line":159,"column":42},"end":{"line":159,"column":43}}],"line":159},"9":{"loc":{"start":{"line":171,"column":24},"end":{"line":171,"column":57}},"type":"binary-expr","locations":[{"start":{"line":171,"column":24},"end":{"line":171,"column":36}},{"start":{"line":171,"column":40},"end":{"line":171,"column":57}}],"line":171},"10":{"loc":{"start":{"line":172,"column":24},"end":{"line":172,"column":57}},"type":"binary-expr","locations":[{"start":{"line":172,"column":24},"end":{"line":172,"column":36}},{"start":{"line":172,"column":40},"end":{"line":172,"column":57}}],"line":172},"11":{"loc":{"start":{"line":173,"column":6},"end":{"line":173,"column":45}},"type":"if","locations":[{"start":{"line":173,"column":6},"end":{"line":173,"column":45}},{"start":{},"end":{}}],"line":173},"12":{"loc":{"start":{"line":173,"column":10},"end":{"line":173,"column":33}},"type":"binary-expr","locations":[{"start":{"line":173,"column":10},"end":{"line":173,"column":19}},{"start":{"line":173,"column":23},"end":{"line":173,"column":33}}],"line":173},"13":{"loc":{"start":{"line":174,"column":6},"end":{"line":174,"column":44}},"type":"if","locations":[{"start":{"line":174,"column":6},"end":{"line":174,"column":44}},{"start":{},"end":{}}],"line":174},"14":{"loc":{"start":{"line":174,"column":10},"end":{"line":174,"column":33}},"type":"binary-expr","locations":[{"start":{"line":174,"column":10},"end":{"line":174,"column":20}},{"start":{"line":174,"column":24},"end":{"line":174,"column":33}}],"line":174},"15":{"loc":{"start":{"line":177,"column":6},"end":{"line":179,"column":7}},"type":"if","locations":[{"start":{"line":177,"column":6},"end":{"line":179,"column":7}},{"start":{},"end":{}}],"line":177},"16":{"loc":{"start":{"line":192,"column":4},"end":{"line":205,"column":5}},"type":"if","locations":[{"start":{"line":192,"column":4},"end":{"line":205,"column":5}},{"start":{"line":195,"column":11},"end":{"line":205,"column":5}}],"line":192},"17":{"loc":{"start":{"line":195,"column":11},"end":{"line":205,"column":5}},"type":"if","locations":[{"start":{"line":195,"column":11},"end":{"line":205,"column":5}},{"start":{"line":199,"column":11},"end":{"line":205,"column":5}}],"line":195},"18":{"loc":{"start":{"line":199,"column":11},"end":{"line":205,"column":5}},"type":"if","locations":[{"start":{"line":199,"column":11},"end":{"line":205,"column":5}},{"start":{"line":202,"column":11},"end":{"line":205,"column":5}}],"line":199},"19":{"loc":{"start":{"line":202,"column":11},"end":{"line":205,"column":5}},"type":"if","locations":[{"start":{"line":202,"column":11},"end":{"line":205,"column":5}},{"start":{},"end":{}}],"line":202},"20":{"loc":{"start":{"line":229,"column":16},"end":{"line":229,"column":72}},"type":"cond-expr","locations":[{"start":{"line":229,"column":57},"end":{"line":229,"column":62}},{"start":{"line":229,"column":65},"end":{"line":229,"column":72}}],"line":229},"21":{"loc":{"start":{"line":237,"column":13},"end":{"line":237,"column":99}},"type":"binary-expr","locations":[{"start":{"line":237,"column":13},"end":{"line":237,"column":18}},{"start":{"line":237,"column":22},"end":{"line":237,"column":41}},{"start":{"line":237,"column":45},"end":{"line":237,"column":63}},{"start":{"line":237,"column":67},"end":{"line":237,"column":99}}],"line":237},"22":{"loc":{"start":{"line":240,"column":4},"end":{"line":265,"column":5}},"type":"if","locations":[{"start":{"line":240,"column":4},"end":{"line":265,"column":5}},{"start":{"line":249,"column":11},"end":{"line":265,"column":5}}],"line":240},"23":{"loc":{"start":{"line":255,"column":6},"end":{"line":264,"column":7}},"type":"if","locations":[{"start":{"line":255,"column":6},"end":{"line":264,"column":7}},{"start":{},"end":{}}],"line":255},"24":{"loc":{"start":{"line":270,"column":13},"end":{"line":270,"column":41}},"type":"binary-expr","locations":[{"start":{"line":270,"column":13},"end":{"line":270,"column":18}},{"start":{"line":270,"column":22},"end":{"line":270,"column":41}}],"line":270},"25":{"loc":{"start":{"line":273,"column":4},"end":{"line":290,"column":5}},"type":"if","locations":[{"start":{"line":273,"column":4},"end":{"line":290,"column":5}},{"start":{"line":282,"column":11},"end":{"line":290,"column":5}}],"line":273},"26":{"loc":{"start":{"line":300,"column":4},"end":{"line":300,"column":38}},"type":"if","locations":[{"start":{"line":300,"column":4},"end":{"line":300,"column":38}},{"start":{},"end":{}}],"line":300}},"s":{"0":0,"1":0,"2":0,"3":0,"4":0,"5":0,"6":0,"7":0,"8":0,"9":0,"10":0,"11":0,"12":0,"13":0,"14":0,"15":0,"16":0,"17":0,"18":0,"19":0,"20":0,"21":0,"22":0,"23":0,"24":0,"25":0,"26":0,"27":0,"28":0,"29":0,"30":0,"31":0,"32":0,"33":0,"34":0,"35":0,"36":0,"37":0,"38":0,"39":0,"40":0,"41":0,"42":0,"43":0,"44":0,"45":0,"46":0,"47":0,"48":0,"49":0,"50":0,"51":0,"52":0,"53":0,"54":0,"55":0,"56":0,"57":0,"58":0,"59":0,"60":0,"61":0,"62":0,"63":0,"64":0,"65":0,"66":0,"67":0,"68":0,"69":0,"70":0,"71":0,"72":0,"73":0,"74":0,"75":0,"76":0,"77":0,"78":0,"79":0,"80":0,"81":0,"82":0,"83":0,"84":0,"85":0,"86":0,"87":0,"88":0,"89":0,"90":0,"91":0,"92":0,"93":0,"94":0,"95":0,"96":0,"97":0,"98":0,"99":0,"100":0,"101":0,"102":0,"103":0,"104":0,"105":0,"106":0,"107":0,"108":0},"f":{"0":0,"1":0,"2":0,"3":0,"4":0,"5":0,"6":0,"7":0,"8":0,"9":0,"10":0,"11":0,"12":0,"13":0,"14":0,"15":0,"16":0,"17":0,"18":0,"19":0,"20":0,"21":0},"b":{"0":[0,0],"1":[0,0],"2":[0,0],"3":[0,0],"4":[0,0],"5":[0,0],"6":[0,0],"7":[0,0],"8":[0,0],"9":[0,0],"10":[0,0],"11":[0,0],"12":[0,0],"13":[0,0],"14":[0,0],"15":[0,0],"16":[0,0],"17":[0,0],"18":[0,0],"19":[0,0],"20":[0,0],"21":[0,0,0,0],"22":[0,0],"23":[0,0],"24":[0,0],"25":[0,0],"26":[0,0]}}
,"/Users/Other/cbr-ai-coach/src/types/index.ts": {"path":"/Users/Other/cbr-ai-coach/src/types/index.ts","statementMap":{},"fnMap":{},"branchMap":{},"s":{},"f":{},"b":{}}
,"/Users/Other/cbr-ai-coach/src/utils/haptics.ts": {"path":"/Users/Other/cbr-ai-coach/src/utils/haptics.ts","statementMap":{"0":{"start":{"line":7,"column":29},"end":{"line":9,"column":1}},"1":{"start":{"line":8,"column":2},"end":{"line":8,"column":32}},"2":{"start":{"line":14,"column":27},"end":{"line":18,"column":1}},"3":{"start":{"line":15,"column":2},"end":{"line":17,"column":3}},"4":{"start":{"line":16,"column":4},"end":{"line":16,"column":26}},"5":{"start":{"line":23,"column":28},"end":{"line":27,"column":1}},"6":{"start":{"line":24,"column":2},"end":{"line":26,"column":3}},"7":{"start":{"line":25,"column":4},"end":{"line":25,"column":26}},"8":{"start":{"line":32,"column":27},"end":{"line":36,"column":1}},"9":{"start":{"line":33,"column":2},"end":{"line":35,"column":3}},"10":{"start":{"line":34,"column":4},"end":{"line":34,"column":26}},"11":{"start":{"line":41,"column":29},"end":{"line":45,"column":1}},"12":{"start":{"line":42,"column":2},"end":{"line":44,"column":3}},"13":{"start":{"line":43,"column":4},"end":{"line":43,"column":36}},"14":{"start":{"line":50,"column":27},"end":{"line":54,"column":1}},"15":{"start":{"line":51,"column":2},"end":{"line":53,"column":3}},"16":{"start":{"line":52,"column":4},"end":{"line":52,"column":46}},"17":{"start":{"line":59,"column":31},"end":{"line":63,"column":1}},"18":{"start":{"line":60,"column":2},"end":{"line":62,"column":3}},"19":{"start":{"line":61,"column":4},"end":{"line":61,"column":25}},"20":{"start":{"line":68,"column":29},"end":{"line":72,"column":1}},"21":{"start":{"line":69,"column":2},"end":{"line":71,"column":3}},"22":{"start":{"line":70,"column":4},"end":{"line":70,"column":36}},"23":{"start":{"line":77,"column":28},"end":{"line":81,"column":1}},"24":{"start":{"line":78,"column":2},"end":{"line":80,"column":3}},"25":{"start":{"line":79,"column":4},"end":{"line":79,"column":26}}},"fnMap":{"0":{"name":"(anonymous_0)","decl":{"start":{"line":7,"column":29},"end":{"line":7,"column":30}},"loc":{"start":{"line":7,"column":44},"end":{"line":9,"column":1}},"line":7},"1":{"name":"(anonymous_1)","decl":{"start":{"line":14,"column":27},"end":{"line":14,"column":28}},"loc":{"start":{"line":14,"column":39},"end":{"line":18,"column":1}},"line":14},"2":{"name":"(anonymous_2)","decl":{"start":{"line":23,"column":28},"end":{"line":23,"column":29}},"loc":{"start":{"line":23,"column":40},"end":{"line":27,"column":1}},"line":23},"3":{"name":"(anonymous_3)","decl":{"start":{"line":32,"column":27},"end":{"line":32,"column":28}},"loc":{"start":{"line":32,"column":39},"end":{"line":36,"column":1}},"line":32},"4":{"name":"(anonymous_4)","decl":{"start":{"line":41,"column":29},"end":{"line":41,"column":30}},"loc":{"start":{"line":41,"column":41},"end":{"line":45,"column":1}},"line":41},"5":{"name":"(anonymous_5)","decl":{"start":{"line":50,"column":27},"end":{"line":50,"column":28}},"loc":{"start":{"line":50,"column":39},"end":{"line":54,"column":1}},"line":50},"6":{"name":"(anonymous_6)","decl":{"start":{"line":59,"column":31},"end":{"line":59,"column":32}},"loc":{"start":{"line":59,"column":43},"end":{"line":63,"column":1}},"line":59},"7":{"name":"(anonymous_7)","decl":{"start":{"line":68,"column":29},"end":{"line":68,"column":30}},"loc":{"start":{"line":68,"column":41},"end":{"line":72,"column":1}},"line":68},"8":{"name":"(anonymous_8)","decl":{"start":{"line":77,"column":28},"end":{"line":77,"column":29}},"loc":{"start":{"line":77,"column":40},"end":{"line":81,"column":1}},"line":77}},"branchMap":{"0":{"loc":{"start":{"line":15,"column":2},"end":{"line":17,"column":3}},"type":"if","locations":[{"start":{"line":15,"column":2},"end":{"line":17,"column":3}},{"start":{},"end":{}}],"line":15},"1":{"loc":{"start":{"line":24,"column":2},"end":{"line":26,"column":3}},"type":"if","locations":[{"start":{"line":24,"column":2},"end":{"line":26,"column":3}},{"start":{},"end":{}}],"line":24},"2":{"loc":{"start":{"line":33,"column":2},"end":{"line":35,"column":3}},"type":"if","locations":[{"start":{"line":33,"column":2},"end":{"line":35,"column":3}},{"start":{},"end":{}}],"line":33},"3":{"loc":{"start":{"line":42,"column":2},"end":{"line":44,"column":3}},"type":"if","locations":[{"start":{"line":42,"column":2},"end":{"line":44,"column":3}},{"start":{},"end":{}}],"line":42},"4":{"loc":{"start":{"line":51,"column":2},"end":{"line":53,"column":3}},"type":"if","locations":[{"start":{"line":51,"column":2},"end":{"line":53,"column":3}},{"start":{},"end":{}}],"line":51},"5":{"loc":{"start":{"line":60,"column":2},"end":{"line":62,"column":3}},"type":"if","locations":[{"start":{"line":60,"column":2},"end":{"line":62,"column":3}},{"start":{},"end":{}}],"line":60},"6":{"loc":{"start":{"line":69,"column":2},"end":{"line":71,"column":3}},"type":"if","locations":[{"start":{"line":69,"column":2},"end":{"line":71,"column":3}},{"start":{},"end":{}}],"line":69},"7":{"loc":{"start":{"line":78,"column":2},"end":{"line":80,"column":3}},"type":"if","locations":[{"start":{"line":78,"column":2},"end":{"line":80,"column":3}},{"start":{},"end":{}}],"line":78}},"s":{"0":0,"1":0,"2":0,"3":0,"4":0,"5":0,"6":0,"7":0,"8":0,"9":0,"10":0,"11":0,"12":0,"13":0,"14":0,"15":0,"16":0,"17":0,"18":0,"19":0,"20":0,"21":0,"22":0,"23":0,"24":0,"25":0},"f":{"0":0,"1":0,"2":0,"3":0,"4":0,"5":0,"6":0,"7":0,"8":0},"b":{"0":[0,0],"1":[0,0],"2":[0,0],"3":[0,0],"4":[0,0],"5":[0,0],"6":[0,0],"7":[0,0]}}
}
